Using pre-set license
Built from '2021.2/staging' branch; Version is '2021.2.7f1 (6bd9e232123f) revision 7068130'; Using compiler version '192829333'; Build Type 'Release'
OS: 'Windows 10  (10.0.19044) 64bit Core' Language: 'en' Physical Memory: 16334 MB
BatchMode: 1, IsHumanControllingUs: 0, StartBugReporterOnCrash: 0, Is64bit: 1, IsPro: 0

COMMAND LINE ARGUMENTS:
C:\Program Files\Unity\Hub\Editor\2021.2.7f1\Editor\Unity.exe
-adb2
-batchMode
-noUpm
-name
AssetImportWorker7
-projectPath
D:/githubrepos/CannonClimber/CannonClimber
-logFile
Logs/AssetImportWorker7.log
-srvPort
60734
Successfully changed project path to: D:/githubrepos/CannonClimber/CannonClimber
D:/githubrepos/CannonClimber/CannonClimber
[UnityMemory] Configuration Parameters - Can be set up in boot.config
    "memorysetup-bucket-allocator-granularity=16"
    "memorysetup-bucket-allocator-bucket-count=8"
    "memorysetup-bucket-allocator-block-size=33554432"
    "memorysetup-bucket-allocator-block-count=8"
    "memorysetup-main-allocator-block-size=16777216"
    "memorysetup-thread-allocator-block-size=16777216"
    "memorysetup-gfx-main-allocator-block-size=16777216"
    "memorysetup-gfx-thread-allocator-block-size=16777216"
    "memorysetup-cache-allocator-block-size=4194304"
    "memorysetup-typetree-allocator-block-size=2097152"
    "memorysetup-profiler-bucket-allocator-granularity=16"
    "memorysetup-profiler-bucket-allocator-bucket-count=8"
    "memorysetup-profiler-bucket-allocator-block-size=33554432"
    "memorysetup-profiler-bucket-allocator-block-count=8"
    "memorysetup-profiler-allocator-block-size=16777216"
    "memorysetup-profiler-editor-allocator-block-size=1048576"
    "memorysetup-temp-allocator-size-main=16777216"
    "memorysetup-job-temp-allocator-block-size=2097152"
    "memorysetup-job-temp-allocator-block-size-background=1048576"
    "memorysetup-job-temp-allocator-reduction-small-platforms=262144"
    "memorysetup-temp-allocator-size-background-worker=32768"
    "memorysetup-temp-allocator-size-job-worker=262144"
    "memorysetup-temp-allocator-size-preload-manager=33554432"
    "memorysetup-temp-allocator-size-nav-mesh-worker=65536"
    "memorysetup-temp-allocator-size-audio-worker=65536"
    "memorysetup-temp-allocator-size-cloud-worker=32768"
    "memorysetup-temp-allocator-size-gi-baking-worker=262144"
    "memorysetup-temp-allocator-size-gfx=262144"
Refreshing native plugins compatible for Editor in 45.32 ms, found 3 plugins.
Preloading 0 native plugins for Editor in 0.00 ms.
Initialize engine version: 2021.2.7f1 (6bd9e232123f)
[Subsystems] Discovering subsystems at path C:/Program Files/Unity/Hub/Editor/2021.2.7f1/Editor/Data/Resources/UnitySubsystems
[Subsystems] Discovering subsystems at path D:/githubrepos/CannonClimber/CannonClimber/Assets
GfxDevice: creating device client; threaded=0; jobified=0
Direct3D:
    Version:  Direct3D 11.0 [level 11.1]
    Renderer: NVIDIA GeForce GTX 1080 (ID=0x1b80)
    Vendor:   NVIDIA
    VRAM:     8079 MB
    Driver:   30.0.15.1123
Initialize mono
Mono path[0] = 'C:/Program Files/Unity/Hub/Editor/2021.2.7f1/Editor/Data/Managed'
Mono path[1] = 'C:/Program Files/Unity/Hub/Editor/2021.2.7f1/Editor/Data/MonoBleedingEdge/lib/mono/unityjit-win32'
Mono config path = 'C:/Program Files/Unity/Hub/Editor/2021.2.7f1/Editor/Data/MonoBleedingEdge/etc'
Using monoOptions --debugger-agent=transport=dt_socket,embedding=1,server=y,suspend=n,address=127.0.0.1:56076
Begin MonoManager ReloadAssembly
Registering precompiled unity dll's ...
Register platform support module: C:/Program Files/Unity/Hub/Editor/2021.2.7f1/Editor/Data/PlaybackEngines/WindowsStandaloneSupport/UnityEditor.WindowsStandalone.Extensions.dll
Registered in 0.006495 seconds.
Native extension for WindowsStandalone target not found
Refreshing native plugins compatible for Editor in 42.27 ms, found 3 plugins.
Preloading 0 native plugins for Editor in 0.00 ms.
Mono: successfully reloaded assembly
- Completed reload, in  0.531 seconds
Domain Reload Profiling:
	ReloadAssembly (531ms)
		BeginReloadAssembly (67ms)
			ExecutionOrderSort (0ms)
			DisableScriptedObjects (0ms)
			BackupInstance (0ms)
			ReleaseScriptingObjects (0ms)
			CreateAndSetChildDomain (1ms)
		EndReloadAssembly (393ms)
			LoadAssemblies (64ms)
			RebuildTransferFunctionScriptingTraits (0ms)
			SetupTypeCache (101ms)
			ReleaseScriptCaches (0ms)
			RebuildScriptCaches (27ms)
			SetupLoadedEditorAssemblies (220ms)
				LogAssemblyErrors (0ms)
				InitializePlatformSupportModulesInManaged (15ms)
				SetLoadedEditorAssemblies (0ms)
				RefreshPlugins (42ms)
				BeforeProcessingInitializeOnLoad (1ms)
				ProcessInitializeOnLoadAttributes (122ms)
				ProcessInitializeOnLoadMethodAttributes (39ms)
				AfterProcessingInitializeOnLoad (0ms)
				EditorAssembliesLoaded (0ms)
			ExecutionOrderSort2 (0ms)
			AwakeInstancesAfterBackupRestoration (0ms)
Platform modules already initialized, skipping
Registering precompiled user dll's ...
Registered in 0.003891 seconds.
Begin MonoManager ReloadAssembly
Native extension for WindowsStandalone target not found
Refreshing native plugins compatible for Editor in 42.10 ms, found 3 plugins.
Preloading 0 native plugins for Editor in 0.00 ms.
Mono: successfully reloaded assembly
- Completed reload, in  1.058 seconds
Domain Reload Profiling:
	ReloadAssembly (1059ms)
		BeginReloadAssembly (101ms)
			ExecutionOrderSort (0ms)
			DisableScriptedObjects (5ms)
			BackupInstance (0ms)
			ReleaseScriptingObjects (0ms)
			CreateAndSetChildDomain (18ms)
		EndReloadAssembly (867ms)
			LoadAssemblies (70ms)
			RebuildTransferFunctionScriptingTraits (0ms)
			SetupTypeCache (174ms)
			ReleaseScriptCaches (0ms)
			RebuildScriptCaches (42ms)
			SetupLoadedEditorAssemblies (545ms)
				LogAssemblyErrors (0ms)
				InitializePlatformSupportModulesInManaged (11ms)
				SetLoadedEditorAssemblies (0ms)
				RefreshPlugins (42ms)
				BeforeProcessingInitializeOnLoad (62ms)
				ProcessInitializeOnLoadAttributes (390ms)
				ProcessInitializeOnLoadMethodAttributes (31ms)
				AfterProcessingInitializeOnLoad (9ms)
				EditorAssembliesLoaded (0ms)
			ExecutionOrderSort2 (0ms)
			AwakeInstancesAfterBackupRestoration (5ms)
Platform modules already initialized, skipping
========================================================================
Worker process is ready to serve import requests
Launched and connected shader compiler UnityShaderCompiler.exe after 0.06 seconds
Refreshing native plugins compatible for Editor in 0.71 ms, found 3 plugins.
Preloading 0 native plugins for Editor in 0.00 ms.
Unloading 2427 Unused Serialized files (Serialized files now loaded: 0)
Unloading 46 unused Assets / (55.7 KB). Loaded Objects now: 2874.
Memory consumption went from 110.6 MB to 110.5 MB.
Total: 3.665700 ms (FindLiveObjects: 0.207200 ms CreateObjectMapping: 0.063200 ms MarkObjects: 3.211700 ms  DeleteObjects: 0.182200 ms)

AssetImportParameters requested are different than current active one (requested -> active):
  custom:video-decoder-ogg-theora: a1e56fd34408186e4bbccfd4996cb3dc -> 
  custom:container-muxer-webm: aa71ff27fc2769a1b78a27578f13a17b -> 
  custom:container-demuxer-webm: 4f35f7cbe854078d1ac9338744f61a02 -> 
  custom:video-encoder-webm-vp8: eb34c28f22e8b96e1ab97ce403110664 -> 
  custom:audio-encoder-webm-vorbis: bf7c407c2cedff20999df2af8eb42d56 -> 
  custom:framework-win-MediaFoundation: 216162199b28c13a410421893ffa2e32 -> 
  custom:container-demuxer-ogg: 62fdf1f143b41e24485cea50d1cbac27 -> 
  custom:video-decoder-webm-vp8: 9c59270c3fd7afecdb556c50c9e8de78 -> 
  custom:audio-decoder-ogg-vorbis: bf7c407c2cedff20999df2af8eb42d56 -> 
========================================================================
Received Import Request.
  Time since last request: 162486.316123 seconds.
  path: Assets/Resources/Sprites/Characters/2-Enemy-Bald Pirate/7-Attack/4.png
  artifactKey: Guid(fb25970393df11845aa1fc3c02efcf0e) Importer(815301076,1909f56bfc062723c751e8b465ee728b)
Start importing Assets/Resources/Sprites/Characters/2-Enemy-Bald Pirate/7-Attack/4.png using Guid(fb25970393df11845aa1fc3c02efcf0e) Importer(815301076,1909f56bfc062723c751e8b465ee728b)  -> (artifact id: '665eeb09dc7190b44b323ef45909d883') in 0.112053 seconds 
========================================================================
Received Import Request.
  Time since last request: 0.732804 seconds.
  path: Assets/Resources/Sprites/Characters/2-Enemy-Bald Pirate/8-Hit/4.png
  artifactKey: Guid(5aa84aa87135cb84c9830c45779b63d6) Importer(815301076,1909f56bfc062723c751e8b465ee728b)
Start importing Assets/Resources/Sprites/Characters/2-Enemy-Bald Pirate/8-Hit/4.png using Guid(5aa84aa87135cb84c9830c45779b63d6) Importer(815301076,1909f56bfc062723c751e8b465ee728b)  -> (artifact id: '1db1db919cdd4856f3d7ca7d688327f0') in 0.012322 seconds 
========================================================================
Received Import Request.
  Time since last request: 0.000021 seconds.
  path: Assets/Resources/Sprites/Characters/2-Enemy-Bald Pirate/8-Hit/6.png
  artifactKey: Guid(c1f2180155f6751498777028b59ddb9e) Importer(815301076,1909f56bfc062723c751e8b465ee728b)
Start importing Assets/Resources/Sprites/Characters/2-Enemy-Bald Pirate/8-Hit/6.png using Guid(c1f2180155f6751498777028b59ddb9e) Importer(815301076,1909f56bfc062723c751e8b465ee728b)  -> (artifact id: 'ee76195fbc0d413fb2739af825863823') in 0.011170 seconds 
========================================================================
Received Import Request.
  Time since last request: 3.384522 seconds.
  path: Assets/Resources/Sprites/Characters/2-Enemy-Bald Pirate/9-Dead Hit/4.png
  artifactKey: Guid(a61c70c1a5a96ca4a85bb6744ff3511e) Importer(815301076,1909f56bfc062723c751e8b465ee728b)
Start importing Assets/Resources/Sprites/Characters/2-Enemy-Bald Pirate/9-Dead Hit/4.png using Guid(a61c70c1a5a96ca4a85bb6744ff3511e) Importer(815301076,1909f56bfc062723c751e8b465ee728b)  -> (artifact id: '73ee2089d5843a8ed83338fd6d3dded8') in 0.013174 seconds 
========================================================================
Received Import Request.
  Time since last request: 0.000031 seconds.
  path: Assets/Resources/Sprites/Characters/2-Enemy-Bald Pirate/9-Dead Hit/6.png
  artifactKey: Guid(d8f5e7fd7e612054a9c7cbdeff90d2ea) Importer(815301076,1909f56bfc062723c751e8b465ee728b)
Start importing Assets/Resources/Sprites/Characters/2-Enemy-Bald Pirate/9-Dead Hit/6.png using Guid(d8f5e7fd7e612054a9c7cbdeff90d2ea) Importer(815301076,1909f56bfc062723c751e8b465ee728b)  -> (artifact id: 'd3165061bb36df22033d11cfd35b192a') in 0.010827 seconds 
========================================================================
Received Import Request.
  Time since last request: 0.822040 seconds.
  path: Assets/Resources/Sprites/Characters/2-Enemy-Bald Pirate/10-Dead Ground/4.png
  artifactKey: Guid(347b1bcf1f71e024caa3d1cfb7642a3b) Importer(815301076,1909f56bfc062723c751e8b465ee728b)
Start importing Assets/Resources/Sprites/Characters/2-Enemy-Bald Pirate/10-Dead Ground/4.png using Guid(347b1bcf1f71e024caa3d1cfb7642a3b) Importer(815301076,1909f56bfc062723c751e8b465ee728b)  -> (artifact id: '8b6337229428e508935ada99a644a5f7') in 0.011386 seconds 
========================================================================
Received Import Request.
  Time since last request: 11.115742 seconds.
  path: Assets/Resources/Sprites/Characters/2-Enemy-Bald Pirate/4-Jump/4.png
  artifactKey: Guid(efc0659692986af4aaba24f1d915f917) Importer(815301076,1909f56bfc062723c751e8b465ee728b)
Start importing Assets/Resources/Sprites/Characters/2-Enemy-Bald Pirate/4-Jump/4.png using Guid(efc0659692986af4aaba24f1d915f917) Importer(815301076,1909f56bfc062723c751e8b465ee728b)  -> (artifact id: '12ee09c2fa17266a43de8f77a7838adf') in 0.014146 seconds 
Editor requested this worker to shutdown with reason: Scaling down because of idle timeout
AssetImportWorker is now disconnected from the server
Process exiting
Exiting without the bug reporter. Application will terminate with return code 0