Using pre-set license
Built from '2021.2/staging' branch; Version is '2021.2.7f1 (6bd9e232123f) revision 7068130'; Using compiler version '192829333'; Build Type 'Release'
OS: 'Windows 10  (10.0.19044) 64bit Core' Language: 'en' Physical Memory: 16334 MB
BatchMode: 1, IsHumanControllingUs: 0, StartBugReporterOnCrash: 0, Is64bit: 1, IsPro: 0

COMMAND LINE ARGUMENTS:
C:\Program Files\Unity\Hub\Editor\2021.2.7f1\Editor\Unity.exe
-adb2
-batchMode
-noUpm
-name
AssetImportWorker3
-projectPath
D:/githubrepos/CannonClimber/CannonClimber
-logFile
Logs/AssetImportWorker3.log
-srvPort
60734
Successfully changed project path to: D:/githubrepos/CannonClimber/CannonClimber
D:/githubrepos/CannonClimber/CannonClimber
[UnityMemory] Configuration Parameters - Can be set up in boot.config
    "memorysetup-bucket-allocator-granularity=16"
    "memorysetup-bucket-allocator-bucket-count=8"
    "memorysetup-bucket-allocator-block-size=33554432"
    "memorysetup-bucket-allocator-block-count=8"
    "memorysetup-main-allocator-block-size=16777216"
    "memorysetup-thread-allocator-block-size=16777216"
    "memorysetup-gfx-main-allocator-block-size=16777216"
    "memorysetup-gfx-thread-allocator-block-size=16777216"
    "memorysetup-cache-allocator-block-size=4194304"
    "memorysetup-typetree-allocator-block-size=2097152"
    "memorysetup-profiler-bucket-allocator-granularity=16"
    "memorysetup-profiler-bucket-allocator-bucket-count=8"
    "memorysetup-profiler-bucket-allocator-block-size=33554432"
    "memorysetup-profiler-bucket-allocator-block-count=8"
    "memorysetup-profiler-allocator-block-size=16777216"
    "memorysetup-profiler-editor-allocator-block-size=1048576"
    "memorysetup-temp-allocator-size-main=16777216"
    "memorysetup-job-temp-allocator-block-size=2097152"
    "memorysetup-job-temp-allocator-block-size-background=1048576"
    "memorysetup-job-temp-allocator-reduction-small-platforms=262144"
    "memorysetup-temp-allocator-size-background-worker=32768"
    "memorysetup-temp-allocator-size-job-worker=262144"
    "memorysetup-temp-allocator-size-preload-manager=33554432"
    "memorysetup-temp-allocator-size-nav-mesh-worker=65536"
    "memorysetup-temp-allocator-size-audio-worker=65536"
    "memorysetup-temp-allocator-size-cloud-worker=32768"
    "memorysetup-temp-allocator-size-gi-baking-worker=262144"
    "memorysetup-temp-allocator-size-gfx=262144"
Refreshing native plugins compatible for Editor in 43.80 ms, found 3 plugins.
Preloading 0 native plugins for Editor in 0.00 ms.
Initialize engine version: 2021.2.7f1 (6bd9e232123f)
[Subsystems] Discovering subsystems at path C:/Program Files/Unity/Hub/Editor/2021.2.7f1/Editor/Data/Resources/UnitySubsystems
[Subsystems] Discovering subsystems at path D:/githubrepos/CannonClimber/CannonClimber/Assets
GfxDevice: creating device client; threaded=0; jobified=0
Direct3D:
    Version:  Direct3D 11.0 [level 11.1]
    Renderer: NVIDIA GeForce GTX 1080 (ID=0x1b80)
    Vendor:   NVIDIA
    VRAM:     8079 MB
    Driver:   30.0.15.1123
Initialize mono
Mono path[0] = 'C:/Program Files/Unity/Hub/Editor/2021.2.7f1/Editor/Data/Managed'
Mono path[1] = 'C:/Program Files/Unity/Hub/Editor/2021.2.7f1/Editor/Data/MonoBleedingEdge/lib/mono/unityjit-win32'
Mono config path = 'C:/Program Files/Unity/Hub/Editor/2021.2.7f1/Editor/Data/MonoBleedingEdge/etc'
Using monoOptions --debugger-agent=transport=dt_socket,embedding=1,server=y,suspend=n,address=127.0.0.1:56688
Begin MonoManager ReloadAssembly
Registering precompiled unity dll's ...
Register platform support module: C:/Program Files/Unity/Hub/Editor/2021.2.7f1/Editor/Data/PlaybackEngines/WindowsStandaloneSupport/UnityEditor.WindowsStandalone.Extensions.dll
Registered in 0.006547 seconds.
Native extension for WindowsStandalone target not found
Refreshing native plugins compatible for Editor in 42.07 ms, found 3 plugins.
Preloading 0 native plugins for Editor in 0.00 ms.
Mono: successfully reloaded assembly
- Completed reload, in  0.517 seconds
Domain Reload Profiling:
	ReloadAssembly (518ms)
		BeginReloadAssembly (64ms)
			ExecutionOrderSort (0ms)
			DisableScriptedObjects (0ms)
			BackupInstance (0ms)
			ReleaseScriptingObjects (0ms)
			CreateAndSetChildDomain (1ms)
		EndReloadAssembly (382ms)
			LoadAssemblies (62ms)
			RebuildTransferFunctionScriptingTraits (0ms)
			SetupTypeCache (94ms)
			ReleaseScriptCaches (0ms)
			RebuildScriptCaches (23ms)
			SetupLoadedEditorAssemblies (220ms)
				LogAssemblyErrors (0ms)
				InitializePlatformSupportModulesInManaged (14ms)
				SetLoadedEditorAssemblies (0ms)
				RefreshPlugins (42ms)
				BeforeProcessingInitializeOnLoad (1ms)
				ProcessInitializeOnLoadAttributes (124ms)
				ProcessInitializeOnLoadMethodAttributes (39ms)
				AfterProcessingInitializeOnLoad (0ms)
				EditorAssembliesLoaded (0ms)
			ExecutionOrderSort2 (0ms)
			AwakeInstancesAfterBackupRestoration (0ms)
Platform modules already initialized, skipping
Registering precompiled user dll's ...
Registered in 0.003768 seconds.
Begin MonoManager ReloadAssembly
Native extension for WindowsStandalone target not found
Refreshing native plugins compatible for Editor in 42.15 ms, found 3 plugins.
Preloading 0 native plugins for Editor in 0.00 ms.
Mono: successfully reloaded assembly
- Completed reload, in  1.086 seconds
Domain Reload Profiling:
	ReloadAssembly (1087ms)
		BeginReloadAssembly (116ms)
			ExecutionOrderSort (0ms)
			DisableScriptedObjects (5ms)
			BackupInstance (0ms)
			ReleaseScriptingObjects (0ms)
			CreateAndSetChildDomain (20ms)
		EndReloadAssembly (877ms)
			LoadAssemblies (79ms)
			RebuildTransferFunctionScriptingTraits (0ms)
			SetupTypeCache (172ms)
			ReleaseScriptCaches (1ms)
			RebuildScriptCaches (52ms)
			SetupLoadedEditorAssemblies (537ms)
				LogAssemblyErrors (0ms)
				InitializePlatformSupportModulesInManaged (11ms)
				SetLoadedEditorAssemblies (0ms)
				RefreshPlugins (42ms)
				BeforeProcessingInitializeOnLoad (60ms)
				ProcessInitializeOnLoadAttributes (382ms)
				ProcessInitializeOnLoadMethodAttributes (33ms)
				AfterProcessingInitializeOnLoad (8ms)
				EditorAssembliesLoaded (0ms)
			ExecutionOrderSort2 (0ms)
			AwakeInstancesAfterBackupRestoration (6ms)
Platform modules already initialized, skipping
========================================================================
Worker process is ready to serve import requests
Launched and connected shader compiler UnityShaderCompiler.exe after 0.06 seconds
Refreshing native plugins compatible for Editor in 0.75 ms, found 3 plugins.
Preloading 0 native plugins for Editor in 0.00 ms.
Unloading 2425 Unused Serialized files (Serialized files now loaded: 0)
Unloading 46 unused Assets / (55.7 KB). Loaded Objects now: 2871.
Memory consumption went from 110.4 MB to 110.4 MB.
Total: 3.020300 ms (FindLiveObjects: 0.250700 ms CreateObjectMapping: 0.068100 ms MarkObjects: 2.631200 ms  DeleteObjects: 0.069200 ms)

AssetImportParameters requested are different than current active one (requested -> active):
  custom:video-decoder-ogg-theora: a1e56fd34408186e4bbccfd4996cb3dc -> 
  custom:container-muxer-webm: aa71ff27fc2769a1b78a27578f13a17b -> 
  custom:container-demuxer-webm: 4f35f7cbe854078d1ac9338744f61a02 -> 
  custom:video-encoder-webm-vp8: eb34c28f22e8b96e1ab97ce403110664 -> 
  custom:audio-encoder-webm-vorbis: bf7c407c2cedff20999df2af8eb42d56 -> 
  custom:framework-win-MediaFoundation: 216162199b28c13a410421893ffa2e32 -> 
  custom:container-demuxer-ogg: 62fdf1f143b41e24485cea50d1cbac27 -> 
  custom:video-decoder-webm-vp8: 9c59270c3fd7afecdb556c50c9e8de78 -> 
  custom:audio-decoder-ogg-vorbis: bf7c407c2cedff20999df2af8eb42d56 -> 
========================================================================
Received Import Request.
  Time since last request: 159134.155556 seconds.
  path: Assets/Resources/Sprites/UI/Big Text/4.png
  artifactKey: Guid(483e23b90cc418241a94993ca3335e4f) Importer(815301076,1909f56bfc062723c751e8b465ee728b)
Start importing Assets/Resources/Sprites/UI/Big Text/4.png using Guid(483e23b90cc418241a94993ca3335e4f) Importer(815301076,1909f56bfc062723c751e8b465ee728b)  -> (artifact id: '798d2ab6a15c949f33c77e40f04fce3b') in 0.101573 seconds 
========================================================================
Received Import Request.
  Time since last request: 0.000023 seconds.
  path: Assets/Resources/Sprites/UI/Big Text/18.png
  artifactKey: Guid(ff5c5347bb7779f498d40199f8d06e10) Importer(815301076,1909f56bfc062723c751e8b465ee728b)
Start importing Assets/Resources/Sprites/UI/Big Text/18.png using Guid(ff5c5347bb7779f498d40199f8d06e10) Importer(815301076,1909f56bfc062723c751e8b465ee728b)  -> (artifact id: 'ebdf594c34d00ffd7aedc89c1ac5f4a0') in 0.012359 seconds 
========================================================================
Received Import Request.
  Time since last request: 0.000015 seconds.
  path: Assets/Resources/Sprites/UI/Big Text/21.png
  artifactKey: Guid(872108b9511c43d49bdd6b1f2812f50a) Importer(815301076,1909f56bfc062723c751e8b465ee728b)
Start importing Assets/Resources/Sprites/UI/Big Text/21.png using Guid(872108b9511c43d49bdd6b1f2812f50a) Importer(815301076,1909f56bfc062723c751e8b465ee728b)  -> (artifact id: '69c0e4306d95f24eda4e0724f3f4bf30') in 0.011001 seconds 
========================================================================
Received Import Request.
  Time since last request: 0.000022 seconds.
  path: Assets/Resources/Sprites/UI/Big Text/32.png
  artifactKey: Guid(773657b7f40ce084a8dbe267878bd2db) Importer(815301076,1909f56bfc062723c751e8b465ee728b)
Start importing Assets/Resources/Sprites/UI/Big Text/32.png using Guid(773657b7f40ce084a8dbe267878bd2db) Importer(815301076,1909f56bfc062723c751e8b465ee728b)  -> (artifact id: '78678cf2695a1a96f22b41634642a506') in 0.012741 seconds 
========================================================================
Received Import Request.
  Time since last request: 0.000029 seconds.
  path: Assets/Resources/Sprites/UI/Big Text/12.png
  artifactKey: Guid(a470a240d5a831347be50498988aa6b9) Importer(815301076,1909f56bfc062723c751e8b465ee728b)
Start importing Assets/Resources/Sprites/UI/Big Text/12.png using Guid(a470a240d5a831347be50498988aa6b9) Importer(815301076,1909f56bfc062723c751e8b465ee728b)  -> (artifact id: '8359b4ce902c3daf510d1aa2b1cd3c91') in 0.015142 seconds 
========================================================================
Received Import Request.
  Time since last request: 0.000031 seconds.
  path: Assets/Resources/Sprites/UI/Big Text/27.png
  artifactKey: Guid(7450f54bdf091924a9bf162861102168) Importer(815301076,1909f56bfc062723c751e8b465ee728b)
Start importing Assets/Resources/Sprites/UI/Big Text/27.png using Guid(7450f54bdf091924a9bf162861102168) Importer(815301076,1909f56bfc062723c751e8b465ee728b)  -> (artifact id: '2cebdedd13f98e84f5ad99567edf1607') in 0.013070 seconds 
========================================================================
Received Import Request.
  Time since last request: 0.000016 seconds.
  path: Assets/Resources/Sprites/UI/Big Text/13.png
  artifactKey: Guid(d7bb344030d3f954eac6370df8703eb3) Importer(815301076,1909f56bfc062723c751e8b465ee728b)
Start importing Assets/Resources/Sprites/UI/Big Text/13.png using Guid(d7bb344030d3f954eac6370df8703eb3) Importer(815301076,1909f56bfc062723c751e8b465ee728b)  -> (artifact id: '7c58a8d3171f8e103382af3e78c59dc4') in 0.010985 seconds 
========================================================================
Received Import Request.
  Time since last request: 0.269997 seconds.
  path: Assets/Resources/Sprites/UI/Green Board/4.png
  artifactKey: Guid(2baf157c2aedfb14a95d6361cf4f507f) Importer(815301076,1909f56bfc062723c751e8b465ee728b)
Start importing Assets/Resources/Sprites/UI/Green Board/4.png using Guid(2baf157c2aedfb14a95d6361cf4f507f) Importer(815301076,1909f56bfc062723c751e8b465ee728b)  -> (artifact id: '5eb9a77023f337914033e6af9a7ade45') in 0.012470 seconds 
========================================================================
Received Import Request.
  Time since last request: 0.000015 seconds.
  path: Assets/Resources/Sprites/UI/Green Board/15.png
  artifactKey: Guid(a3f69d4b80c4e29419619d1698aa0b93) Importer(815301076,1909f56bfc062723c751e8b465ee728b)
Start importing Assets/Resources/Sprites/UI/Green Board/15.png using Guid(a3f69d4b80c4e29419619d1698aa0b93) Importer(815301076,1909f56bfc062723c751e8b465ee728b)  -> (artifact id: 'aa0ee8f80f3bb02d725bfd9aed8d6a04') in 0.010683 seconds 
========================================================================
Received Import Request.
  Time since last request: 0.000015 seconds.
  path: Assets/Resources/Sprites/UI/Green Board/8.png
  artifactKey: Guid(8ad4c449485ccda4b839dc4125c8f748) Importer(815301076,1909f56bfc062723c751e8b465ee728b)
Start importing Assets/Resources/Sprites/UI/Green Board/8.png using Guid(8ad4c449485ccda4b839dc4125c8f748) Importer(815301076,1909f56bfc062723c751e8b465ee728b)  -> (artifact id: '20ec81909e51c500751655cbc3a8bb2e') in 0.014833 seconds 
========================================================================
Received Import Request.
  Time since last request: 0.000018 seconds.
  path: Assets/Resources/Sprites/UI/Green Board/12.png
  artifactKey: Guid(841d7da5310297440aa4d9207c0ca4fd) Importer(815301076,1909f56bfc062723c751e8b465ee728b)
Start importing Assets/Resources/Sprites/UI/Green Board/12.png using Guid(841d7da5310297440aa4d9207c0ca4fd) Importer(815301076,1909f56bfc062723c751e8b465ee728b)  -> (artifact id: 'b2c37a6c872a7084ba5caa423144d45e') in 0.011993 seconds 
========================================================================
Received Import Request.
  Time since last request: 0.000019 seconds.
  path: Assets/Resources/Sprites/UI/Green Board/6.png
  artifactKey: Guid(afbd849a187452443ab77fec744c76a0) Importer(815301076,1909f56bfc062723c751e8b465ee728b)
Start importing Assets/Resources/Sprites/UI/Green Board/6.png using Guid(afbd849a187452443ab77fec744c76a0) Importer(815301076,1909f56bfc062723c751e8b465ee728b)  -> (artifact id: '9c79579a5ef5d2ade49939f419a615a3') in 0.011167 seconds 
========================================================================
Received Import Request.
  Time since last request: 2.407088 seconds.
  path: Assets/Resources/Sprites/UI/Green Button/4.png
  artifactKey: Guid(1fd4c1632edbe1548b0dece81ff4d9c3) Importer(815301076,1909f56bfc062723c751e8b465ee728b)
Start importing Assets/Resources/Sprites/UI/Green Button/4.png using Guid(1fd4c1632edbe1548b0dece81ff4d9c3) Importer(815301076,1909f56bfc062723c751e8b465ee728b)  -> (artifact id: 'f15f70995ce73344c7cdf328a9c84dd2') in 0.013443 seconds 
========================================================================
Received Import Request.
  Time since last request: 0.000017 seconds.
  path: Assets/Resources/Sprites/UI/Green Button/6.png
  artifactKey: Guid(a9646edb2f3783e4caa3cd700da13f64) Importer(815301076,1909f56bfc062723c751e8b465ee728b)
Start importing Assets/Resources/Sprites/UI/Green Button/6.png using Guid(a9646edb2f3783e4caa3cd700da13f64) Importer(815301076,1909f56bfc062723c751e8b465ee728b)  -> (artifact id: '7b8eeabda96f3b568027b8e482edd994') in 0.017835 seconds 
========================================================================
Received Import Request.
  Time since last request: 0.000025 seconds.
  path: Assets/Resources/Sprites/UI/Green Button/9.png
  artifactKey: Guid(7743c794cde650947bcb719ade41ec2e) Importer(815301076,1909f56bfc062723c751e8b465ee728b)
Start importing Assets/Resources/Sprites/UI/Green Button/9.png using Guid(7743c794cde650947bcb719ade41ec2e) Importer(815301076,1909f56bfc062723c751e8b465ee728b)  -> (artifact id: '49bc8ae9e0b7b7dd8de973ac33ab771f') in 0.017448 seconds 
========================================================================
Received Import Request.
  Time since last request: 0.000017 seconds.
  path: Assets/Resources/Sprites/UI/Green Button/11.png
  artifactKey: Guid(08e0bc1f8fd823f4db52be3c8815d637) Importer(815301076,1909f56bfc062723c751e8b465ee728b)
Start importing Assets/Resources/Sprites/UI/Green Button/11.png using Guid(08e0bc1f8fd823f4db52be3c8815d637) Importer(815301076,1909f56bfc062723c751e8b465ee728b)  -> (artifact id: '41b35c6944032abdd4025e16e1104217') in 0.014466 seconds 
========================================================================
Received Import Request.
  Time since last request: 1.473313 seconds.
  path: Assets/Resources/Sprites/UI/Inventory/4.png
  artifactKey: Guid(ce958c7966fedef40a4a6fbb191d3528) Importer(815301076,1909f56bfc062723c751e8b465ee728b)
Start importing Assets/Resources/Sprites/UI/Inventory/4.png using Guid(ce958c7966fedef40a4a6fbb191d3528) Importer(815301076,1909f56bfc062723c751e8b465ee728b)  -> (artifact id: '016d7a8be49c5c0c581d2adbe649ee81') in 0.016313 seconds 
========================================================================
Received Import Request.
  Time since last request: 0.000018 seconds.
  path: Assets/Resources/Sprites/UI/Inventory/6.png
  artifactKey: Guid(8c8c8cedb43e09e4d93066f56efa18e6) Importer(815301076,1909f56bfc062723c751e8b465ee728b)
Start importing Assets/Resources/Sprites/UI/Inventory/6.png using Guid(8c8c8cedb43e09e4d93066f56efa18e6) Importer(815301076,1909f56bfc062723c751e8b465ee728b)  -> (artifact id: 'c4eddbd198a7c998243e0dcaab006040') in 0.014257 seconds 
========================================================================
Received Import Request.
  Time since last request: 0.000019 seconds.
  path: Assets/Resources/Sprites/UI/Inventory/15.png
  artifactKey: Guid(3c71c1bdcacab1347b9c18ff8a45f8c8) Importer(815301076,1909f56bfc062723c751e8b465ee728b)
Start importing Assets/Resources/Sprites/UI/Inventory/15.png using Guid(3c71c1bdcacab1347b9c18ff8a45f8c8) Importer(815301076,1909f56bfc062723c751e8b465ee728b)  -> (artifact id: 'a72db6e24f49b6038032e1972004f348') in 0.015313 seconds 
========================================================================
Received Import Request.
  Time since last request: 0.000024 seconds.
  path: Assets/Resources/Sprites/UI/Inventory/7.png
  artifactKey: Guid(e3bcab7d07a57b94984983d5a26a7331) Importer(815301076,1909f56bfc062723c751e8b465ee728b)
Start importing Assets/Resources/Sprites/UI/Inventory/7.png using Guid(e3bcab7d07a57b94984983d5a26a7331) Importer(815301076,1909f56bfc062723c751e8b465ee728b)  -> (artifact id: '9a24752a429ea13273ff24c18a4dd000') in 0.023962 seconds 
========================================================================
Received Import Request.
  Time since last request: 3.825494 seconds.
  path: Assets/Resources/Sprites/UI/Orange Paper/4.png
  artifactKey: Guid(88a46a345c98027448d4fae2b28b511d) Importer(815301076,1909f56bfc062723c751e8b465ee728b)
Start importing Assets/Resources/Sprites/UI/Orange Paper/4.png using Guid(88a46a345c98027448d4fae2b28b511d) Importer(815301076,1909f56bfc062723c751e8b465ee728b)  -> (artifact id: '9c51d7b372a7f1bbb6e5854bfabd24f2') in 0.013021 seconds 
========================================================================
Received Import Request.
  Time since last request: 0.000014 seconds.
  path: Assets/Resources/Sprites/UI/Orange Paper/Orange Paper (guide).png
  artifactKey: Guid(6b9841d471353594db44494f7a29b90e) Importer(815301076,1909f56bfc062723c751e8b465ee728b)
Start importing Assets/Resources/Sprites/UI/Orange Paper/Orange Paper (guide).png using Guid(6b9841d471353594db44494f7a29b90e) Importer(815301076,1909f56bfc062723c751e8b465ee728b)  -> (artifact id: '43a67475a3227ce39c44264a0bf85eb8') in 0.015188 seconds 
========================================================================
Received Import Request.
  Time since last request: 0.000025 seconds.
  path: Assets/Resources/Sprites/UI/Orange Paper/15.png
  artifactKey: Guid(b826bb32173715445b57437508b1b119) Importer(815301076,1909f56bfc062723c751e8b465ee728b)
Start importing Assets/Resources/Sprites/UI/Orange Paper/15.png using Guid(b826bb32173715445b57437508b1b119) Importer(815301076,1909f56bfc062723c751e8b465ee728b)  -> (artifact id: '8b90318cf925f051ecbcea75f1f0c9b7') in 0.013311 seconds 
========================================================================
Received Import Request.
  Time since last request: 0.000025 seconds.
  path: Assets/Resources/Sprites/UI/Orange Paper/13.png
  artifactKey: Guid(83155aebe30792e49b503c42974638b0) Importer(815301076,1909f56bfc062723c751e8b465ee728b)
Start importing Assets/Resources/Sprites/UI/Orange Paper/13.png using Guid(83155aebe30792e49b503c42974638b0) Importer(815301076,1909f56bfc062723c751e8b465ee728b)  -> (artifact id: 'eb806e1e02bdae9de3b8027fccc21b36') in 0.022465 seconds 
========================================================================
Received Import Request.
  Time since last request: 1.414751 seconds.
  path: Assets/Resources/Sprites/UI/Mobile Buttons/Mobile Buttons Cooldown/4.png
  artifactKey: Guid(11af690a8075ae249bce02da9845e90e) Importer(815301076,1909f56bfc062723c751e8b465ee728b)
Start importing Assets/Resources/Sprites/UI/Mobile Buttons/Mobile Buttons Cooldown/4.png using Guid(11af690a8075ae249bce02da9845e90e) Importer(815301076,1909f56bfc062723c751e8b465ee728b)  -> (artifact id: '59488fe624f089947f0db505ee2fd871') in 0.011650 seconds 
========================================================================
Received Import Request.
  Time since last request: 0.000015 seconds.
  path: Assets/Resources/Sprites/UI/Mobile Buttons/Mobile Buttons Cooldown/10.png
  artifactKey: Guid(543a77189770c7d4fb396a7f7fc54895) Importer(815301076,1909f56bfc062723c751e8b465ee728b)
Start importing Assets/Resources/Sprites/UI/Mobile Buttons/Mobile Buttons Cooldown/10.png using Guid(543a77189770c7d4fb396a7f7fc54895) Importer(815301076,1909f56bfc062723c751e8b465ee728b)  -> (artifact id: 'ed289e357e599f3de59ea750ae90c65f') in 0.011049 seconds 
========================================================================
Received Import Request.
  Time since last request: 0.000017 seconds.
  path: Assets/Resources/Sprites/UI/Mobile Buttons/Mobile Buttons Cooldown/9.png
  artifactKey: Guid(1a9a914ce110d434f8c1b16345a7619c) Importer(815301076,1909f56bfc062723c751e8b465ee728b)
Start importing Assets/Resources/Sprites/UI/Mobile Buttons/Mobile Buttons Cooldown/9.png using Guid(1a9a914ce110d434f8c1b16345a7619c) Importer(815301076,1909f56bfc062723c751e8b465ee728b)  -> (artifact id: 'd0ae80338875c2ab98c52817362e6807') in 0.013028 seconds 
========================================================================
Received Import Request.
  Time since last request: 1.617480 seconds.
  path: Assets/Resources/Sprites/UI/Mobile Buttons/Mobile Buttons/4.png
  artifactKey: Guid(3debeff9adc31ed49bd2f9508143003b) Importer(815301076,1909f56bfc062723c751e8b465ee728b)
Start importing Assets/Resources/Sprites/UI/Mobile Buttons/Mobile Buttons/4.png using Guid(3debeff9adc31ed49bd2f9508143003b) Importer(815301076,1909f56bfc062723c751e8b465ee728b)  -> (artifact id: '40e1b424eed122a17923f4ddc85dee51') in 0.010908 seconds 
========================================================================
Received Import Request.
  Time since last request: 0.000024 seconds.
  path: Assets/Resources/Sprites/UI/Mobile Buttons/Mobile Buttons/7.png
  artifactKey: Guid(0a537e1a945092247b2cf85fa4c70adb) Importer(815301076,1909f56bfc062723c751e8b465ee728b)
Start importing Assets/Resources/Sprites/UI/Mobile Buttons/Mobile Buttons/7.png using Guid(0a537e1a945092247b2cf85fa4c70adb) Importer(815301076,1909f56bfc062723c751e8b465ee728b)  -> (artifact id: 'cf002f08b7bf54e7759bfc6cfb6ae8da') in 0.012325 seconds 
========================================================================
Received Import Request.
  Time since last request: 6.734596 seconds.
  path: Assets/Resources/Sprites/UI/Prefabs/4.png
  artifactKey: Guid(bc523bf9cd337e6438a0fbee12d2de1e) Importer(815301076,1909f56bfc062723c751e8b465ee728b)
Start importing Assets/Resources/Sprites/UI/Prefabs/4.png using Guid(bc523bf9cd337e6438a0fbee12d2de1e) Importer(815301076,1909f56bfc062723c751e8b465ee728b)  -> (artifact id: 'a02d302d1f141ca4c923b7268db0d277') in 0.011959 seconds 
========================================================================
Received Import Request.
  Time since last request: 0.000017 seconds.
  path: Assets/Resources/Sprites/UI/Prefabs/10.png
  artifactKey: Guid(ab3389815299faa46a7be9c72c63ffc1) Importer(815301076,1909f56bfc062723c751e8b465ee728b)
Start importing Assets/Resources/Sprites/UI/Prefabs/10.png using Guid(ab3389815299faa46a7be9c72c63ffc1) Importer(815301076,1909f56bfc062723c751e8b465ee728b)  -> (artifact id: '08f86ebc0ce93ed360d444f5091b4849') in 0.014297 seconds 
========================================================================
Received Import Request.
  Time since last request: 0.000020 seconds.
  path: Assets/Resources/Sprites/UI/Prefabs/5.png
  artifactKey: Guid(5a7c6140f3a6e794b8b7ed02524831e9) Importer(815301076,1909f56bfc062723c751e8b465ee728b)
Start importing Assets/Resources/Sprites/UI/Prefabs/5.png using Guid(5a7c6140f3a6e794b8b7ed02524831e9) Importer(815301076,1909f56bfc062723c751e8b465ee728b)  -> (artifact id: '99e019589a711affe1d90ddc3338338d') in 0.024410 seconds 
========================================================================
Received Import Request.
  Time since last request: 5.490830 seconds.
  path: Assets/Resources/Sprites/UI/Sliders/4.png
  artifactKey: Guid(c8919510d76b00d4c944e5016147f666) Importer(815301076,1909f56bfc062723c751e8b465ee728b)
Start importing Assets/Resources/Sprites/UI/Sliders/4.png using Guid(c8919510d76b00d4c944e5016147f666) Importer(815301076,1909f56bfc062723c751e8b465ee728b)  -> (artifact id: 'd683e0baa177897f986b7f52c3f3b545') in 0.016057 seconds 
========================================================================
Received Import Request.
  Time since last request: 0.000033 seconds.
  path: Assets/Resources/Sprites/UI/Sliders/10.png
  artifactKey: Guid(5a4f11cb2dc6e9145a30f690aac9e2e7) Importer(815301076,1909f56bfc062723c751e8b465ee728b)
Start importing Assets/Resources/Sprites/UI/Sliders/10.png using Guid(5a4f11cb2dc6e9145a30f690aac9e2e7) Importer(815301076,1909f56bfc062723c751e8b465ee728b)  -> (artifact id: '8ea1fbd5f810b244e5b98393355b9209') in 0.025448 seconds 
========================================================================
Received Import Request.
  Time since last request: 0.000018 seconds.
  path: Assets/Resources/Sprites/UI/Sliders/9.png
  artifactKey: Guid(7b2950902835d594aa4e07c254d883ac) Importer(815301076,1909f56bfc062723c751e8b465ee728b)
Start importing Assets/Resources/Sprites/UI/Sliders/9.png using Guid(7b2950902835d594aa4e07c254d883ac) Importer(815301076,1909f56bfc062723c751e8b465ee728b)  -> (artifact id: 'bfdea5073f45bcb5342b8ab82cbbe5cc') in 0.010538 seconds 
========================================================================
Received Import Request.
  Time since last request: 0.875897 seconds.
  path: Assets/Resources/Sprites/UI/Small Banner/4.png
  artifactKey: Guid(eaca115bbdb1ac94aa5dacbeacebc14a) Importer(815301076,1909f56bfc062723c751e8b465ee728b)
Start importing Assets/Resources/Sprites/UI/Small Banner/4.png using Guid(eaca115bbdb1ac94aa5dacbeacebc14a) Importer(815301076,1909f56bfc062723c751e8b465ee728b)  -> (artifact id: 'ffb9bb96e71225072de29a404655d92f') in 0.010314 seconds 
========================================================================
Received Import Request.
  Time since last request: 0.000022 seconds.
  path: Assets/Resources/Sprites/UI/Small Banner/9.png
  artifactKey: Guid(23636b023a1805640b4797d7bbe92d2c) Importer(815301076,1909f56bfc062723c751e8b465ee728b)
Start importing Assets/Resources/Sprites/UI/Small Banner/9.png using Guid(23636b023a1805640b4797d7bbe92d2c) Importer(815301076,1909f56bfc062723c751e8b465ee728b)  -> (artifact id: 'c498a904459abb25db4715bd078be8d0') in 0.023242 seconds 
========================================================================
Received Import Request.
  Time since last request: 0.000015 seconds.
  path: Assets/Resources/Sprites/UI/Small Banner/7.png
  artifactKey: Guid(11ea4e310cbc34143aa146e02590c180) Importer(815301076,1909f56bfc062723c751e8b465ee728b)
Start importing Assets/Resources/Sprites/UI/Small Banner/7.png using Guid(11ea4e310cbc34143aa146e02590c180) Importer(815301076,1909f56bfc062723c751e8b465ee728b)  -> (artifact id: '66cdefba760faf0855878f01168d24e2') in 0.011650 seconds 
========================================================================
Received Import Request.
  Time since last request: 0.000024 seconds.
  path: Assets/Resources/Sprites/UI/Small Banner/10.png
  artifactKey: Guid(70b7057432248144aacc3c8ee041b481) Importer(815301076,1909f56bfc062723c751e8b465ee728b)
Start importing Assets/Resources/Sprites/UI/Small Banner/10.png using Guid(70b7057432248144aacc3c8ee041b481) Importer(815301076,1909f56bfc062723c751e8b465ee728b)  -> (artifact id: '6eefd2862371989728958b916418d9ec') in 0.010737 seconds 
========================================================================
Received Import Request.
  Time since last request: 2.833363 seconds.
  path: Assets/Resources/Sprites/UI/Yellow Board/4.png
  artifactKey: Guid(fa4750c37c12f5646bdacf24f8a26f5d) Importer(815301076,1909f56bfc062723c751e8b465ee728b)
Start importing Assets/Resources/Sprites/UI/Yellow Board/4.png using Guid(fa4750c37c12f5646bdacf24f8a26f5d) Importer(815301076,1909f56bfc062723c751e8b465ee728b)  -> (artifact id: '3782a659f4b7f50f818d863c53620ca4') in 0.011263 seconds 
========================================================================
Received Import Request.
  Time since last request: 0.000017 seconds.
  path: Assets/Resources/Sprites/UI/Yellow Board/15.png
  artifactKey: Guid(00cbffaf14078bd408ce4fb0f1e4f4c0) Importer(815301076,1909f56bfc062723c751e8b465ee728b)
Start importing Assets/Resources/Sprites/UI/Yellow Board/15.png using Guid(00cbffaf14078bd408ce4fb0f1e4f4c0) Importer(815301076,1909f56bfc062723c751e8b465ee728b)  -> (artifact id: 'af9b03b626c28cc53c6857de5bd34c12') in 0.011837 seconds 
========================================================================
Received Import Request.
  Time since last request: 0.000017 seconds.
  path: Assets/Resources/Sprites/UI/Yellow Board/6.png
  artifactKey: Guid(3075390a17727af44b944597bd37ef71) Importer(815301076,1909f56bfc062723c751e8b465ee728b)
Start importing Assets/Resources/Sprites/UI/Yellow Board/6.png using Guid(3075390a17727af44b944597bd37ef71) Importer(815301076,1909f56bfc062723c751e8b465ee728b)  -> (artifact id: '89a11f19cd6177e42e969ae724509171') in 0.012809 seconds 
========================================================================
Received Import Request.
  Time since last request: 0.000025 seconds.
  path: Assets/Resources/Sprites/UI/Yellow Board/8.png
  artifactKey: Guid(f929a8fe555d1e84b80ee373f6b4a5cb) Importer(815301076,1909f56bfc062723c751e8b465ee728b)
Start importing Assets/Resources/Sprites/UI/Yellow Board/8.png using Guid(f929a8fe555d1e84b80ee373f6b4a5cb) Importer(815301076,1909f56bfc062723c751e8b465ee728b)  -> (artifact id: '76599621d74da8cb36d94bbf044f1ace') in 0.014259 seconds 
========================================================================
Received Import Request.
  Time since last request: 0.000019 seconds.
  path: Assets/Resources/Sprites/UI/Yellow Board/5.png
  artifactKey: Guid(6a4395d56220cf741aa1cf27248163a9) Importer(815301076,1909f56bfc062723c751e8b465ee728b)
Start importing Assets/Resources/Sprites/UI/Yellow Board/5.png using Guid(6a4395d56220cf741aa1cf27248163a9) Importer(815301076,1909f56bfc062723c751e8b465ee728b)  -> (artifact id: '1158af33fd00abe3fa07ab7d903b4421') in 0.010762 seconds 
========================================================================
Received Import Request.
  Time since last request: 3.744626 seconds.
  path: Assets/Resources/Sprites/UI/Yellow Button/4.png
  artifactKey: Guid(64734a516ca0842439a2ae5fe508ec92) Importer(815301076,1909f56bfc062723c751e8b465ee728b)
Start importing Assets/Resources/Sprites/UI/Yellow Button/4.png using Guid(64734a516ca0842439a2ae5fe508ec92) Importer(815301076,1909f56bfc062723c751e8b465ee728b)  -> (artifact id: 'f0a6beac07d8c8f77f008561a99b381e') in 0.009919 seconds 
========================================================================
Received Import Request.
  Time since last request: 0.000020 seconds.
  path: Assets/Resources/Sprites/UI/Yellow Button/10.png
  artifactKey: Guid(a681477d71ad06b48989349fb1a64a9e) Importer(815301076,1909f56bfc062723c751e8b465ee728b)
Start importing Assets/Resources/Sprites/UI/Yellow Button/10.png using Guid(a681477d71ad06b48989349fb1a64a9e) Importer(815301076,1909f56bfc062723c751e8b465ee728b)  -> (artifact id: 'bb0f03df6a1969d12afb51e7d80dc747') in 0.011343 seconds 
========================================================================
Received Import Request.
  Time since last request: 0.000019 seconds.
  path: Assets/Resources/Sprites/UI/Yellow Button/8.png
  artifactKey: Guid(dbb6f7d069bf21e4ba7101ce87b32e64) Importer(815301076,1909f56bfc062723c751e8b465ee728b)
Start importing Assets/Resources/Sprites/UI/Yellow Button/8.png using Guid(dbb6f7d069bf21e4ba7101ce87b32e64) Importer(815301076,1909f56bfc062723c751e8b465ee728b)  -> (artifact id: '01182065e5bc2ed9cf4fb92cfc0b660a') in 0.012492 seconds 
========================================================================
Received Import Request.
  Time since last request: 0.000026 seconds.
  path: Assets/Resources/Sprites/UI/Yellow Button/16.png
  artifactKey: Guid(8f7ffb0dd9c3bcc48951d67ea3ff421a) Importer(815301076,1909f56bfc062723c751e8b465ee728b)
Start importing Assets/Resources/Sprites/UI/Yellow Button/16.png using Guid(8f7ffb0dd9c3bcc48951d67ea3ff421a) Importer(815301076,1909f56bfc062723c751e8b465ee728b)  -> (artifact id: '9b2537b994b20ade1c915db950ece515') in 0.013000 seconds 
========================================================================
Received Import Request.
  Time since last request: 0.780231 seconds.
  path: Assets/Resources/Sprites/UI/Yellow Paper/4.png
  artifactKey: Guid(23becbf72b415ba4a9b59da9609a00fb) Importer(815301076,1909f56bfc062723c751e8b465ee728b)
Start importing Assets/Resources/Sprites/UI/Yellow Paper/4.png using Guid(23becbf72b415ba4a9b59da9609a00fb) Importer(815301076,1909f56bfc062723c751e8b465ee728b)  -> (artifact id: '323762fb6bf68e8160fcb4d93613fb16') in 0.010825 seconds 
========================================================================
Received Import Request.
  Time since last request: 0.000017 seconds.
  path: Assets/Resources/Sprites/UI/Yellow Paper/10.png
  artifactKey: Guid(7cc3fd30a4e78a844826b803721a72df) Importer(815301076,1909f56bfc062723c751e8b465ee728b)
Start importing Assets/Resources/Sprites/UI/Yellow Paper/10.png using Guid(7cc3fd30a4e78a844826b803721a72df) Importer(815301076,1909f56bfc062723c751e8b465ee728b)  -> (artifact id: '0e7115cf4a70028d8047f7afc084b3c2') in 0.013420 seconds 
========================================================================
Received Import Request.
  Time since last request: 0.000018 seconds.
  path: Assets/Resources/Sprites/UI/Yellow Paper/12.png
  artifactKey: Guid(59ca7889235bd9049bbfa9da91bea982) Importer(815301076,1909f56bfc062723c751e8b465ee728b)
Start importing Assets/Resources/Sprites/UI/Yellow Paper/12.png using Guid(59ca7889235bd9049bbfa9da91bea982) Importer(815301076,1909f56bfc062723c751e8b465ee728b)  -> (artifact id: '3b5e856e03a8d6472e933dd5be69c128') in 0.014092 seconds 
========================================================================
Received Import Request.
  Time since last request: 0.000025 seconds.
  path: Assets/Resources/Sprites/UI/Yellow Paper/6.png
  artifactKey: Guid(3882dd3cec70303439d5133286ce009a) Importer(815301076,1909f56bfc062723c751e8b465ee728b)
Start importing Assets/Resources/Sprites/UI/Yellow Paper/6.png using Guid(3882dd3cec70303439d5133286ce009a) Importer(815301076,1909f56bfc062723c751e8b465ee728b)  -> (artifact id: 'a9564b19fc1d03d773e6925a0beebf6b') in 0.012991 seconds 
Editor requested this worker to shutdown with reason: Scaling down because of idle timeout
AssetImportWorker is now disconnected from the server
Process exiting
Exiting without the bug reporter. Application will terminate with return code 0