Using pre-set license
Built from '2021.2/staging' branch; Version is '2021.2.7f1 (6bd9e232123f) revision 7068130'; Using compiler version '192829333'; Build Type 'Release'
OS: 'Windows 10  (10.0.19044) 64bit Core' Language: 'en' Physical Memory: 16334 MB
BatchMode: 1, IsHumanControllingUs: 0, StartBugReporterOnCrash: 0, Is64bit: 1, IsPro: 0

COMMAND LINE ARGUMENTS:
C:\Program Files\Unity\Hub\Editor\2021.2.7f1\Editor\Unity.exe
-adb2
-batchMode
-noUpm
-name
AssetImportWorker5
-projectPath
D:/githubrepos/CannonClimber/CannonClimber
-logFile
Logs/AssetImportWorker5.log
-srvPort
60734
Successfully changed project path to: D:/githubrepos/CannonClimber/CannonClimber
D:/githubrepos/CannonClimber/CannonClimber
[UnityMemory] Configuration Parameters - Can be set up in boot.config
    "memorysetup-bucket-allocator-granularity=16"
    "memorysetup-bucket-allocator-bucket-count=8"
    "memorysetup-bucket-allocator-block-size=33554432"
    "memorysetup-bucket-allocator-block-count=8"
    "memorysetup-main-allocator-block-size=16777216"
    "memorysetup-thread-allocator-block-size=16777216"
    "memorysetup-gfx-main-allocator-block-size=16777216"
    "memorysetup-gfx-thread-allocator-block-size=16777216"
    "memorysetup-cache-allocator-block-size=4194304"
    "memorysetup-typetree-allocator-block-size=2097152"
    "memorysetup-profiler-bucket-allocator-granularity=16"
    "memorysetup-profiler-bucket-allocator-bucket-count=8"
    "memorysetup-profiler-bucket-allocator-block-size=33554432"
    "memorysetup-profiler-bucket-allocator-block-count=8"
    "memorysetup-profiler-allocator-block-size=16777216"
    "memorysetup-profiler-editor-allocator-block-size=1048576"
    "memorysetup-temp-allocator-size-main=16777216"
    "memorysetup-job-temp-allocator-block-size=2097152"
    "memorysetup-job-temp-allocator-block-size-background=1048576"
    "memorysetup-job-temp-allocator-reduction-small-platforms=262144"
    "memorysetup-temp-allocator-size-background-worker=32768"
    "memorysetup-temp-allocator-size-job-worker=262144"
    "memorysetup-temp-allocator-size-preload-manager=33554432"
    "memorysetup-temp-allocator-size-nav-mesh-worker=65536"
    "memorysetup-temp-allocator-size-audio-worker=65536"
    "memorysetup-temp-allocator-size-cloud-worker=32768"
    "memorysetup-temp-allocator-size-gi-baking-worker=262144"
    "memorysetup-temp-allocator-size-gfx=262144"
Refreshing native plugins compatible for Editor in 44.59 ms, found 3 plugins.
Preloading 0 native plugins for Editor in 0.00 ms.
Initialize engine version: 2021.2.7f1 (6bd9e232123f)
[Subsystems] Discovering subsystems at path C:/Program Files/Unity/Hub/Editor/2021.2.7f1/Editor/Data/Resources/UnitySubsystems
[Subsystems] Discovering subsystems at path D:/githubrepos/CannonClimber/CannonClimber/Assets
GfxDevice: creating device client; threaded=0; jobified=0
Direct3D:
    Version:  Direct3D 11.0 [level 11.1]
    Renderer: NVIDIA GeForce GTX 1080 (ID=0x1b80)
    Vendor:   NVIDIA
    VRAM:     8079 MB
    Driver:   30.0.15.1123
Initialize mono
Mono path[0] = 'C:/Program Files/Unity/Hub/Editor/2021.2.7f1/Editor/Data/Managed'
Mono path[1] = 'C:/Program Files/Unity/Hub/Editor/2021.2.7f1/Editor/Data/MonoBleedingEdge/lib/mono/unityjit-win32'
Mono config path = 'C:/Program Files/Unity/Hub/Editor/2021.2.7f1/Editor/Data/MonoBleedingEdge/etc'
Using monoOptions --debugger-agent=transport=dt_socket,embedding=1,server=y,suspend=n,address=127.0.0.1:56892
Begin MonoManager ReloadAssembly
Registering precompiled unity dll's ...
Register platform support module: C:/Program Files/Unity/Hub/Editor/2021.2.7f1/Editor/Data/PlaybackEngines/WindowsStandaloneSupport/UnityEditor.WindowsStandalone.Extensions.dll
Registered in 0.006391 seconds.
Native extension for WindowsStandalone target not found
Refreshing native plugins compatible for Editor in 42.75 ms, found 3 plugins.
Preloading 0 native plugins for Editor in 0.00 ms.
Mono: successfully reloaded assembly
- Completed reload, in  0.507 seconds
Domain Reload Profiling:
	ReloadAssembly (508ms)
		BeginReloadAssembly (65ms)
			ExecutionOrderSort (0ms)
			DisableScriptedObjects (0ms)
			BackupInstance (0ms)
			ReleaseScriptingObjects (0ms)
			CreateAndSetChildDomain (1ms)
		EndReloadAssembly (371ms)
			LoadAssemblies (63ms)
			RebuildTransferFunctionScriptingTraits (0ms)
			SetupTypeCache (87ms)
			ReleaseScriptCaches (0ms)
			RebuildScriptCaches (22ms)
			SetupLoadedEditorAssemblies (218ms)
				LogAssemblyErrors (0ms)
				InitializePlatformSupportModulesInManaged (14ms)
				SetLoadedEditorAssemblies (0ms)
				RefreshPlugins (43ms)
				BeforeProcessingInitializeOnLoad (1ms)
				ProcessInitializeOnLoadAttributes (122ms)
				ProcessInitializeOnLoadMethodAttributes (38ms)
				AfterProcessingInitializeOnLoad (0ms)
				EditorAssembliesLoaded (0ms)
			ExecutionOrderSort2 (0ms)
			AwakeInstancesAfterBackupRestoration (0ms)
Platform modules already initialized, skipping
Registering precompiled user dll's ...
Registered in 0.003800 seconds.
Begin MonoManager ReloadAssembly
Native extension for WindowsStandalone target not found
Refreshing native plugins compatible for Editor in 49.06 ms, found 3 plugins.
Preloading 0 native plugins for Editor in 0.00 ms.
Mono: successfully reloaded assembly
- Completed reload, in  1.044 seconds
Domain Reload Profiling:
	ReloadAssembly (1045ms)
		BeginReloadAssembly (100ms)
			ExecutionOrderSort (0ms)
			DisableScriptedObjects (5ms)
			BackupInstance (0ms)
			ReleaseScriptingObjects (0ms)
			CreateAndSetChildDomain (19ms)
		EndReloadAssembly (858ms)
			LoadAssemblies (65ms)
			RebuildTransferFunctionScriptingTraits (0ms)
			SetupTypeCache (164ms)
			ReleaseScriptCaches (1ms)
			RebuildScriptCaches (46ms)
			SetupLoadedEditorAssemblies (544ms)
				LogAssemblyErrors (0ms)
				InitializePlatformSupportModulesInManaged (10ms)
				SetLoadedEditorAssemblies (0ms)
				RefreshPlugins (49ms)
				BeforeProcessingInitializeOnLoad (62ms)
				ProcessInitializeOnLoadAttributes (383ms)
				ProcessInitializeOnLoadMethodAttributes (30ms)
				AfterProcessingInitializeOnLoad (8ms)
				EditorAssembliesLoaded (0ms)
			ExecutionOrderSort2 (0ms)
			AwakeInstancesAfterBackupRestoration (5ms)
Platform modules already initialized, skipping
========================================================================
Worker process is ready to serve import requests
Launched and connected shader compiler UnityShaderCompiler.exe after 0.06 seconds
Refreshing native plugins compatible for Editor in 0.63 ms, found 3 plugins.
Preloading 0 native plugins for Editor in 0.00 ms.
Unloading 2426 Unused Serialized files (Serialized files now loaded: 0)
Unloading 46 unused Assets / (55.8 KB). Loaded Objects now: 2872.
Memory consumption went from 110.5 MB to 110.4 MB.
Total: 3.225700 ms (FindLiveObjects: 0.214900 ms CreateObjectMapping: 0.067800 ms MarkObjects: 2.880300 ms  DeleteObjects: 0.061600 ms)

AssetImportParameters requested are different than current active one (requested -> active):
  custom:video-decoder-ogg-theora: a1e56fd34408186e4bbccfd4996cb3dc -> 
  custom:container-muxer-webm: aa71ff27fc2769a1b78a27578f13a17b -> 
  custom:container-demuxer-webm: 4f35f7cbe854078d1ac9338744f61a02 -> 
  custom:video-encoder-webm-vp8: eb34c28f22e8b96e1ab97ce403110664 -> 
  custom:audio-encoder-webm-vorbis: bf7c407c2cedff20999df2af8eb42d56 -> 
  custom:framework-win-MediaFoundation: 216162199b28c13a410421893ffa2e32 -> 
  custom:container-demuxer-ogg: 62fdf1f143b41e24485cea50d1cbac27 -> 
  custom:video-decoder-webm-vp8: 9c59270c3fd7afecdb556c50c9e8de78 -> 
  custom:audio-decoder-ogg-vorbis: bf7c407c2cedff20999df2af8eb42d56 -> 
========================================================================
Received Import Request.
  Time since last request: 160059.919632 seconds.
  path: Assets/Resources/Sprites/UI/Small Text/Small Text/4.png
  artifactKey: Guid(393cb51361436344f9cdc03b89bf9164) Importer(815301076,1909f56bfc062723c751e8b465ee728b)
Start importing Assets/Resources/Sprites/UI/Small Text/Small Text/4.png using Guid(393cb51361436344f9cdc03b89bf9164) Importer(815301076,1909f56bfc062723c751e8b465ee728b)  -> (artifact id: '99a5565ee3b96d635585cbdc4344de8f') in 0.110906 seconds 
========================================================================
Received Import Request.
  Time since last request: 0.000036 seconds.
  path: Assets/Resources/Sprites/UI/Small Text/Small Text/13.png
  artifactKey: Guid(bb34b6a9793cce642a6d97d4f8dbef53) Importer(815301076,1909f56bfc062723c751e8b465ee728b)
Start importing Assets/Resources/Sprites/UI/Small Text/Small Text/13.png using Guid(bb34b6a9793cce642a6d97d4f8dbef53) Importer(815301076,1909f56bfc062723c751e8b465ee728b)  -> (artifact id: '46df7ce8b3be627e10158871c923aa9f') in 0.013790 seconds 
========================================================================
Received Import Request.
  Time since last request: 0.000038 seconds.
  path: Assets/Resources/Sprites/UI/Small Text/Small Text/47.png
  artifactKey: Guid(d26196dcd0961a641b5fd6c7024f36b1) Importer(815301076,1909f56bfc062723c751e8b465ee728b)
Start importing Assets/Resources/Sprites/UI/Small Text/Small Text/47.png using Guid(d26196dcd0961a641b5fd6c7024f36b1) Importer(815301076,1909f56bfc062723c751e8b465ee728b)  -> (artifact id: 'ba69de17d0ce1ac0690fe8651785de4c') in 0.012934 seconds 
========================================================================
Received Import Request.
  Time since last request: 0.000017 seconds.
  path: Assets/Resources/Sprites/UI/Small Text/Small Text/40.png
  artifactKey: Guid(f4f4e769d89189f49bbc3f98bea94e26) Importer(815301076,1909f56bfc062723c751e8b465ee728b)
Start importing Assets/Resources/Sprites/UI/Small Text/Small Text/40.png using Guid(f4f4e769d89189f49bbc3f98bea94e26) Importer(815301076,1909f56bfc062723c751e8b465ee728b)  -> (artifact id: '1aae7ad18cdcad24b5ecd5a7e2c0d2b3') in 0.016035 seconds 
========================================================================
Received Import Request.
  Time since last request: 0.000017 seconds.
  path: Assets/Resources/Sprites/UI/Small Text/Small Text/49.png
  artifactKey: Guid(be61f0fd7e0ce5e46bdfbd626f9f7599) Importer(815301076,1909f56bfc062723c751e8b465ee728b)
Start importing Assets/Resources/Sprites/UI/Small Text/Small Text/49.png using Guid(be61f0fd7e0ce5e46bdfbd626f9f7599) Importer(815301076,1909f56bfc062723c751e8b465ee728b)  -> (artifact id: '8ebb9e310d4e5ecb80cc26dcb7f4bfd6') in 0.026251 seconds 
========================================================================
Received Import Request.
  Time since last request: 0.000020 seconds.
  path: Assets/Resources/Sprites/UI/Small Text/Small Text/45.png
  artifactKey: Guid(a4859efab1736284b8922f2076749f36) Importer(815301076,1909f56bfc062723c751e8b465ee728b)
Start importing Assets/Resources/Sprites/UI/Small Text/Small Text/45.png using Guid(a4859efab1736284b8922f2076749f36) Importer(815301076,1909f56bfc062723c751e8b465ee728b)  -> (artifact id: '350adcd3128eae4be3ffd0f11a6ab311') in 0.014932 seconds 
========================================================================
Received Import Request.
  Time since last request: 0.000018 seconds.
  path: Assets/Resources/Sprites/UI/Small Text/Small Text/25.png
  artifactKey: Guid(31be0b52683ec2d41bf421e3d6933d1f) Importer(815301076,1909f56bfc062723c751e8b465ee728b)
Start importing Assets/Resources/Sprites/UI/Small Text/Small Text/25.png using Guid(31be0b52683ec2d41bf421e3d6933d1f) Importer(815301076,1909f56bfc062723c751e8b465ee728b)  -> (artifact id: '3945c352609c88298b6555691f899265') in 0.015264 seconds 
========================================================================
Received Import Request.
  Time since last request: 0.000027 seconds.
  path: Assets/Resources/Sprites/UI/Small Text/Small Text/50.png
  artifactKey: Guid(33dae7b29ccc2d74fbac3f9e89cb8297) Importer(815301076,1909f56bfc062723c751e8b465ee728b)
Start importing Assets/Resources/Sprites/UI/Small Text/Small Text/50.png using Guid(33dae7b29ccc2d74fbac3f9e89cb8297) Importer(815301076,1909f56bfc062723c751e8b465ee728b)  -> (artifact id: 'e688ac34e57c1bf40636baca6a1dd7e4') in 0.017396 seconds 
========================================================================
Received Import Request.
  Time since last request: 0.000021 seconds.
  path: Assets/Resources/Sprites/UI/Small Text/Small Text/26.png
  artifactKey: Guid(ac135112536242f4c9fe9254d248e279) Importer(815301076,1909f56bfc062723c751e8b465ee728b)
Start importing Assets/Resources/Sprites/UI/Small Text/Small Text/26.png using Guid(ac135112536242f4c9fe9254d248e279) Importer(815301076,1909f56bfc062723c751e8b465ee728b)  -> (artifact id: '5e69e985e5aba1a6cb8d4f5d11652bad') in 0.018386 seconds 
========================================================================
Received Import Request.
  Time since last request: 0.000023 seconds.
  path: Assets/Resources/Sprites/UI/Small Text/Small Text/22.png
  artifactKey: Guid(deaabe3a5769a3340ba354fec31a2a91) Importer(815301076,1909f56bfc062723c751e8b465ee728b)
Start importing Assets/Resources/Sprites/UI/Small Text/Small Text/22.png using Guid(deaabe3a5769a3340ba354fec31a2a91) Importer(815301076,1909f56bfc062723c751e8b465ee728b)  -> (artifact id: 'eecc1cf853777ccdfc85e4299c261529') in 0.015434 seconds 
========================================================================
Received Import Request.
  Time since last request: 0.000024 seconds.
  path: Assets/Resources/Sprites/UI/Small Text/Small Text/42.png
  artifactKey: Guid(74b89b5d17ebd734b8a9a3ef7cc8ba0f) Importer(815301076,1909f56bfc062723c751e8b465ee728b)
Start importing Assets/Resources/Sprites/UI/Small Text/Small Text/42.png using Guid(74b89b5d17ebd734b8a9a3ef7cc8ba0f) Importer(815301076,1909f56bfc062723c751e8b465ee728b)  -> (artifact id: '01a7e608c9534dcea5e92e5205dd44f2') in 0.013131 seconds 
========================================================================
Received Import Request.
  Time since last request: 0.000018 seconds.
  path: Assets/Resources/Sprites/UI/Small Text/Small Text/5.png
  artifactKey: Guid(3675a5baf0374c1408f0d7aff9428863) Importer(815301076,1909f56bfc062723c751e8b465ee728b)
Start importing Assets/Resources/Sprites/UI/Small Text/Small Text/5.png using Guid(3675a5baf0374c1408f0d7aff9428863) Importer(815301076,1909f56bfc062723c751e8b465ee728b)  -> (artifact id: '87b50d21b6ca82de4a86245ee99ba903') in 0.012449 seconds 
========================================================================
Received Import Request.
  Time since last request: 7.794269 seconds.
  path: Assets/Resources/Sprites/UI/Small Text/White Bar/4.png
  artifactKey: Guid(32d9c26747a5e1f4c888a8c8ea9b29f7) Importer(815301076,1909f56bfc062723c751e8b465ee728b)
Start importing Assets/Resources/Sprites/UI/Small Text/White Bar/4.png using Guid(32d9c26747a5e1f4c888a8c8ea9b29f7) Importer(815301076,1909f56bfc062723c751e8b465ee728b)  -> (artifact id: '54252de388743713e5d671ce3d39265d') in 0.014036 seconds 
========================================================================
Received Import Request.
  Time since last request: 2.710126 seconds.
  path: Assets/Resources/Sprites/UI/Small Text/Small Icons/4.png
  artifactKey: Guid(95f239077e0ea47438e59c6fdae9121c) Importer(815301076,1909f56bfc062723c751e8b465ee728b)
Start importing Assets/Resources/Sprites/UI/Small Text/Small Icons/4.png using Guid(95f239077e0ea47438e59c6fdae9121c) Importer(815301076,1909f56bfc062723c751e8b465ee728b)  -> (artifact id: 'e911fffa267f6721a91db5ca4e85397d') in 0.012167 seconds 
========================================================================
Received Import Request.
  Time since last request: 0.000024 seconds.
  path: Assets/Resources/Sprites/UI/Small Text/Small Icons/19.png
  artifactKey: Guid(e7acee3ca1f928a45b5bfa31ef0d1341) Importer(815301076,1909f56bfc062723c751e8b465ee728b)
Start importing Assets/Resources/Sprites/UI/Small Text/Small Icons/19.png using Guid(e7acee3ca1f928a45b5bfa31ef0d1341) Importer(815301076,1909f56bfc062723c751e8b465ee728b)  -> (artifact id: '05ad56de177affbd86a8f9d1d4bb38b9') in 0.012997 seconds 
========================================================================
Received Import Request.
  Time since last request: 0.000025 seconds.
  path: Assets/Resources/Sprites/UI/Small Text/Small Icons/13.png
  artifactKey: Guid(4fbba79da2e1531419ff3270ac0868b6) Importer(815301076,1909f56bfc062723c751e8b465ee728b)
Start importing Assets/Resources/Sprites/UI/Small Text/Small Icons/13.png using Guid(4fbba79da2e1531419ff3270ac0868b6) Importer(815301076,1909f56bfc062723c751e8b465ee728b)  -> (artifact id: '28f7c39670b25c7b43d2cc4f756217a6') in 0.011299 seconds 
========================================================================
Received Import Request.
  Time since last request: 0.000017 seconds.
  path: Assets/Resources/Sprites/UI/Small Text/Small Icons/25.png
  artifactKey: Guid(b6486785162ec804d81a3e68b7a75749) Importer(815301076,1909f56bfc062723c751e8b465ee728b)
Start importing Assets/Resources/Sprites/UI/Small Text/Small Icons/25.png using Guid(b6486785162ec804d81a3e68b7a75749) Importer(815301076,1909f56bfc062723c751e8b465ee728b)  -> (artifact id: '5dbe4fe87e7d0f5cb5d78fec7d21b8bf') in 0.013747 seconds 
========================================================================
Received Import Request.
  Time since last request: 0.000025 seconds.
  path: Assets/Resources/Sprites/UI/Small Text/Small Icons/23.png
  artifactKey: Guid(7d616826636b8c845a274e129c04b14b) Importer(815301076,1909f56bfc062723c751e8b465ee728b)
Start importing Assets/Resources/Sprites/UI/Small Text/Small Icons/23.png using Guid(7d616826636b8c845a274e129c04b14b) Importer(815301076,1909f56bfc062723c751e8b465ee728b)  -> (artifact id: 'f0eb1de34c9e222a1034284d3a1ef26a') in 0.014716 seconds 
========================================================================
Received Import Request.
  Time since last request: 0.000020 seconds.
  path: Assets/Resources/Sprites/UI/Small Text/Small Icons/15.png
  artifactKey: Guid(548a311502603574fb159a97041ffad9) Importer(815301076,1909f56bfc062723c751e8b465ee728b)
Start importing Assets/Resources/Sprites/UI/Small Text/Small Icons/15.png using Guid(548a311502603574fb159a97041ffad9) Importer(815301076,1909f56bfc062723c751e8b465ee728b)  -> (artifact id: '52acb183a656f1875c45352a56ecbb2b') in 0.011630 seconds 
========================================================================
Received Import Request.
  Time since last request: 0.000025 seconds.
  path: Assets/Resources/Sprites/UI/Small Text/Small Icons/20.png
  artifactKey: Guid(90b97eb8590016a4ea81bd7ce407416a) Importer(815301076,1909f56bfc062723c751e8b465ee728b)
Start importing Assets/Resources/Sprites/UI/Small Text/Small Icons/20.png using Guid(90b97eb8590016a4ea81bd7ce407416a) Importer(815301076,1909f56bfc062723c751e8b465ee728b)  -> (artifact id: '6506202a627a4af15c83c44bc80afd60') in 0.011569 seconds 
Editor requested this worker to shutdown with reason: Scaling down because of idle timeout
AssetImportWorker is now disconnected from the server
Process exiting
Exiting without the bug reporter. Application will terminate with return code 0