Using pre-set license
Built from '2021.2/staging' branch; Version is '2021.2.7f1 (6bd9e232123f) revision 7068130'; Using compiler version '192829333'; Build Type 'Release'
OS: 'Windows 10  (10.0.19044) 64bit Core' Language: 'en' Physical Memory: 16334 MB
BatchMode: 1, IsHumanControllingUs: 0, StartBugReporterOnCrash: 0, Is64bit: 1, IsPro: 0

COMMAND LINE ARGUMENTS:
C:\Program Files\Unity\Hub\Editor\2021.2.7f1\Editor\Unity.exe
-adb2
-batchMode
-noUpm
-name
AssetImportWorker8
-projectPath
D:/githubrepos/CannonClimber/CannonClimber
-logFile
Logs/AssetImportWorker8.log
-srvPort
60734
Successfully changed project path to: D:/githubrepos/CannonClimber/CannonClimber
D:/githubrepos/CannonClimber/CannonClimber
[UnityMemory] Configuration Parameters - Can be set up in boot.config
    "memorysetup-bucket-allocator-granularity=16"
    "memorysetup-bucket-allocator-bucket-count=8"
    "memorysetup-bucket-allocator-block-size=33554432"
    "memorysetup-bucket-allocator-block-count=8"
    "memorysetup-main-allocator-block-size=16777216"
    "memorysetup-thread-allocator-block-size=16777216"
    "memorysetup-gfx-main-allocator-block-size=16777216"
    "memorysetup-gfx-thread-allocator-block-size=16777216"
    "memorysetup-cache-allocator-block-size=4194304"
    "memorysetup-typetree-allocator-block-size=2097152"
    "memorysetup-profiler-bucket-allocator-granularity=16"
    "memorysetup-profiler-bucket-allocator-bucket-count=8"
    "memorysetup-profiler-bucket-allocator-block-size=33554432"
    "memorysetup-profiler-bucket-allocator-block-count=8"
    "memorysetup-profiler-allocator-block-size=16777216"
    "memorysetup-profiler-editor-allocator-block-size=1048576"
    "memorysetup-temp-allocator-size-main=16777216"
    "memorysetup-job-temp-allocator-block-size=2097152"
    "memorysetup-job-temp-allocator-block-size-background=1048576"
    "memorysetup-job-temp-allocator-reduction-small-platforms=262144"
    "memorysetup-temp-allocator-size-background-worker=32768"
    "memorysetup-temp-allocator-size-job-worker=262144"
    "memorysetup-temp-allocator-size-preload-manager=33554432"
    "memorysetup-temp-allocator-size-nav-mesh-worker=65536"
    "memorysetup-temp-allocator-size-audio-worker=65536"
    "memorysetup-temp-allocator-size-cloud-worker=32768"
    "memorysetup-temp-allocator-size-gi-baking-worker=262144"
    "memorysetup-temp-allocator-size-gfx=262144"
Refreshing native plugins compatible for Editor in 44.15 ms, found 3 plugins.
Preloading 0 native plugins for Editor in 0.00 ms.
Initialize engine version: 2021.2.7f1 (6bd9e232123f)
[Subsystems] Discovering subsystems at path C:/Program Files/Unity/Hub/Editor/2021.2.7f1/Editor/Data/Resources/UnitySubsystems
[Subsystems] Discovering subsystems at path D:/githubrepos/CannonClimber/CannonClimber/Assets
GfxDevice: creating device client; threaded=0; jobified=0
Direct3D:
    Version:  Direct3D 11.0 [level 11.1]
    Renderer: NVIDIA GeForce GTX 1080 (ID=0x1b80)
    Vendor:   NVIDIA
    VRAM:     8079 MB
    Driver:   30.0.15.1123
Initialize mono
Mono path[0] = 'C:/Program Files/Unity/Hub/Editor/2021.2.7f1/Editor/Data/Managed'
Mono path[1] = 'C:/Program Files/Unity/Hub/Editor/2021.2.7f1/Editor/Data/MonoBleedingEdge/lib/mono/unityjit-win32'
Mono config path = 'C:/Program Files/Unity/Hub/Editor/2021.2.7f1/Editor/Data/MonoBleedingEdge/etc'
Using monoOptions --debugger-agent=transport=dt_socket,embedding=1,server=y,suspend=n,address=127.0.0.1:56612
Begin MonoManager ReloadAssembly
Registering precompiled unity dll's ...
Register platform support module: C:/Program Files/Unity/Hub/Editor/2021.2.7f1/Editor/Data/PlaybackEngines/WindowsStandaloneSupport/UnityEditor.WindowsStandalone.Extensions.dll
Registered in 0.006587 seconds.
Native extension for WindowsStandalone target not found
Refreshing native plugins compatible for Editor in 41.65 ms, found 3 plugins.
Preloading 0 native plugins for Editor in 0.00 ms.
Mono: successfully reloaded assembly
- Completed reload, in  0.500 seconds
Domain Reload Profiling:
	ReloadAssembly (500ms)
		BeginReloadAssembly (63ms)
			ExecutionOrderSort (0ms)
			DisableScriptedObjects (0ms)
			BackupInstance (0ms)
			ReleaseScriptingObjects (0ms)
			CreateAndSetChildDomain (1ms)
		EndReloadAssembly (365ms)
			LoadAssemblies (61ms)
			RebuildTransferFunctionScriptingTraits (0ms)
			SetupTypeCache (84ms)
			ReleaseScriptCaches (0ms)
			RebuildScriptCaches (22ms)
			SetupLoadedEditorAssemblies (216ms)
				LogAssemblyErrors (0ms)
				InitializePlatformSupportModulesInManaged (13ms)
				SetLoadedEditorAssemblies (0ms)
				RefreshPlugins (42ms)
				BeforeProcessingInitializeOnLoad (1ms)
				ProcessInitializeOnLoadAttributes (121ms)
				ProcessInitializeOnLoadMethodAttributes (39ms)
				AfterProcessingInitializeOnLoad (0ms)
				EditorAssembliesLoaded (0ms)
			ExecutionOrderSort2 (0ms)
			AwakeInstancesAfterBackupRestoration (0ms)
Platform modules already initialized, skipping
Registering precompiled user dll's ...
Registered in 0.004059 seconds.
Begin MonoManager ReloadAssembly
Native extension for WindowsStandalone target not found
Refreshing native plugins compatible for Editor in 40.86 ms, found 3 plugins.
Preloading 0 native plugins for Editor in 0.00 ms.
Mono: successfully reloaded assembly
- Completed reload, in  1.008 seconds
Domain Reload Profiling:
	ReloadAssembly (1009ms)
		BeginReloadAssembly (95ms)
			ExecutionOrderSort (0ms)
			DisableScriptedObjects (5ms)
			BackupInstance (0ms)
			ReleaseScriptingObjects (0ms)
			CreateAndSetChildDomain (17ms)
		EndReloadAssembly (828ms)
			LoadAssemblies (64ms)
			RebuildTransferFunctionScriptingTraits (0ms)
			SetupTypeCache (165ms)
			ReleaseScriptCaches (0ms)
			RebuildScriptCaches (40ms)
			SetupLoadedEditorAssemblies (522ms)
				LogAssemblyErrors (0ms)
				InitializePlatformSupportModulesInManaged (10ms)
				SetLoadedEditorAssemblies (0ms)
				RefreshPlugins (41ms)
				BeforeProcessingInitializeOnLoad (58ms)
				ProcessInitializeOnLoadAttributes (375ms)
				ProcessInitializeOnLoadMethodAttributes (30ms)
				AfterProcessingInitializeOnLoad (8ms)
				EditorAssembliesLoaded (0ms)
			ExecutionOrderSort2 (0ms)
			AwakeInstancesAfterBackupRestoration (5ms)
Platform modules already initialized, skipping
========================================================================
Worker process is ready to serve import requests
Launched and connected shader compiler UnityShaderCompiler.exe after 0.05 seconds
Refreshing native plugins compatible for Editor in 0.62 ms, found 3 plugins.
Preloading 0 native plugins for Editor in 0.00 ms.
Unloading 2427 Unused Serialized files (Serialized files now loaded: 0)
Unloading 46 unused Assets / (55.7 KB). Loaded Objects now: 2874.
Memory consumption went from 110.6 MB to 110.5 MB.
Total: 2.971500 ms (FindLiveObjects: 0.207700 ms CreateObjectMapping: 0.067100 ms MarkObjects: 2.635300 ms  DeleteObjects: 0.060300 ms)

AssetImportParameters requested are different than current active one (requested -> active):
  custom:video-decoder-ogg-theora: a1e56fd34408186e4bbccfd4996cb3dc -> 
  custom:container-muxer-webm: aa71ff27fc2769a1b78a27578f13a17b -> 
  custom:container-demuxer-webm: 4f35f7cbe854078d1ac9338744f61a02 -> 
  custom:video-encoder-webm-vp8: eb34c28f22e8b96e1ab97ce403110664 -> 
  custom:audio-encoder-webm-vorbis: bf7c407c2cedff20999df2af8eb42d56 -> 
  custom:framework-win-MediaFoundation: 216162199b28c13a410421893ffa2e32 -> 
  custom:container-demuxer-ogg: 62fdf1f143b41e24485cea50d1cbac27 -> 
  custom:video-decoder-webm-vp8: 9c59270c3fd7afecdb556c50c9e8de78 -> 
  custom:audio-decoder-ogg-vorbis: bf7c407c2cedff20999df2af8eb42d56 -> 
========================================================================
Received Import Request.
  Time since last request: 163202.004797 seconds.
  path: Assets/Resources/Sprites/Cannon/Cannon Fire/3.png
  artifactKey: Guid(8c6f60ccbc5247740b1f3e9da624ad63) Importer(815301076,1909f56bfc062723c751e8b465ee728b)
Start importing Assets/Resources/Sprites/Cannon/Cannon Fire/3.png using Guid(8c6f60ccbc5247740b1f3e9da624ad63) Importer(815301076,1909f56bfc062723c751e8b465ee728b)  -> (artifact id: '4c384fa71a3d2f132ddea86da7796ceb') in 0.091893 seconds 
========================================================================
Received Import Request.
  Time since last request: 1.172944 seconds.
  path: Assets/Resources/Sprites/Cannon/Cannon Hit/3.png
  artifactKey: Guid(00e586aa29847934b934fd59b0ea0740) Importer(815301076,1909f56bfc062723c751e8b465ee728b)
Start importing Assets/Resources/Sprites/Cannon/Cannon Hit/3.png using Guid(00e586aa29847934b934fd59b0ea0740) Importer(815301076,1909f56bfc062723c751e8b465ee728b)  -> (artifact id: '0bbf89470e25164b4035a5fe5ac45327') in 0.010577 seconds 
========================================================================
Received Import Request.
  Time since last request: 8.385167 seconds.
  path: Assets/Resources/Sprites/Cannon/Cannon Destroyed/3.png
  artifactKey: Guid(e47ed4fc12039cb439be2b4c069007c8) Importer(815301076,1909f56bfc062723c751e8b465ee728b)
Start importing Assets/Resources/Sprites/Cannon/Cannon Destroyed/3.png using Guid(e47ed4fc12039cb439be2b4c069007c8) Importer(815301076,1909f56bfc062723c751e8b465ee728b)  -> (artifact id: '4a5247dfc735ec93bc284ca9a47f02a7') in 0.010918 seconds 
========================================================================
Received Import Request.
  Time since last request: 1.379021 seconds.
  path: Assets/Resources/Sprites/Cannon/Cannon Fire Effect/3.png
  artifactKey: Guid(bafd9688bb63a2546bdf70119ea40b72) Importer(815301076,1909f56bfc062723c751e8b465ee728b)
Start importing Assets/Resources/Sprites/Cannon/Cannon Fire Effect/3.png using Guid(bafd9688bb63a2546bdf70119ea40b72) Importer(815301076,1909f56bfc062723c751e8b465ee728b)  -> (artifact id: 'ffd5a5e9f8a647067a528962add3de1d') in 0.011964 seconds 
========================================================================
Received Import Request.
  Time since last request: 0.000017 seconds.
  path: Assets/Resources/Sprites/Cannon/Cannon Fire Effect/5.png
  artifactKey: Guid(0a8b88aeee8d9ff4c97be3b663bbc676) Importer(815301076,1909f56bfc062723c751e8b465ee728b)
Start importing Assets/Resources/Sprites/Cannon/Cannon Fire Effect/5.png using Guid(0a8b88aeee8d9ff4c97be3b663bbc676) Importer(815301076,1909f56bfc062723c751e8b465ee728b)  -> (artifact id: '488fc0741ca35eedd7279bcb9f2b8479') in 0.011925 seconds 
========================================================================
Received Import Request.
  Time since last request: 4.693552 seconds.
  path: Assets/Resources/Sprites/Cannon/Enemy Cannon/2-Attack/3.png
  artifactKey: Guid(2cc3df63aea83534b8265fe489398d93) Importer(815301076,1909f56bfc062723c751e8b465ee728b)
Start importing Assets/Resources/Sprites/Cannon/Enemy Cannon/2-Attack/3.png using Guid(2cc3df63aea83534b8265fe489398d93) Importer(815301076,1909f56bfc062723c751e8b465ee728b)  -> (artifact id: 'f11af064802f48f8fb6b89b414ffcaba') in 0.013367 seconds 
========================================================================
Received Import Request.
  Time since last request: 0.015855 seconds.
  path: Assets/Resources/Sprites/Cannon/Enemy Cannon/2-Attack/5.png
  artifactKey: Guid(533f0fb0be7ebce469c1173a9191925b) Importer(815301076,1909f56bfc062723c751e8b465ee728b)
Start importing Assets/Resources/Sprites/Cannon/Enemy Cannon/2-Attack/5.png using Guid(533f0fb0be7ebce469c1173a9191925b) Importer(815301076,1909f56bfc062723c751e8b465ee728b)  -> (artifact id: '76f2eb3fad4dae5649c8eaf8c0fdd613') in 0.010127 seconds 
========================================================================
Received Import Request.
  Time since last request: 0.000022 seconds.
  path: Assets/Resources/Sprites/Cannon/Enemy Cannon/2-Attack/9.png
  artifactKey: Guid(bf97d5a06dd513f479c67011633225e2) Importer(815301076,1909f56bfc062723c751e8b465ee728b)
Start importing Assets/Resources/Sprites/Cannon/Enemy Cannon/2-Attack/9.png using Guid(bf97d5a06dd513f479c67011633225e2) Importer(815301076,1909f56bfc062723c751e8b465ee728b)  -> (artifact id: '72f0baa35bc92c449021ccdf66b022ce') in 0.011989 seconds 
Editor requested this worker to shutdown with reason: Scaling down because of idle timeout
AssetImportWorker is now disconnected from the server
Process exiting
Exiting without the bug reporter. Application will terminate with return code 0