Using pre-set license
Built from '2021.2/staging' branch; Version is '2021.2.7f1 (6bd9e232123f) revision 7068130'; Using compiler version '192829333'; Build Type 'Release'
OS: 'Windows 10  (10.0.19044) 64bit Core' Language: 'en' Physical Memory: 16334 MB
BatchMode: 1, IsHumanControllingUs: 0, StartBugReporterOnCrash: 0, Is64bit: 1, IsPro: 0

COMMAND LINE ARGUMENTS:
C:\Program Files\Unity\Hub\Editor\2021.2.7f1\Editor\Unity.exe
-adb2
-batchMode
-noUpm
-name
AssetImportWorker2
-projectPath
D:/githubrepos/CannonClimber/CannonClimber
-logFile
Logs/AssetImportWorker2.log
-srvPort
60734
Successfully changed project path to: D:/githubrepos/CannonClimber/CannonClimber
D:/githubrepos/CannonClimber/CannonClimber
[UnityMemory] Configuration Parameters - Can be set up in boot.config
    "memorysetup-bucket-allocator-granularity=16"
    "memorysetup-bucket-allocator-bucket-count=8"
    "memorysetup-bucket-allocator-block-size=33554432"
    "memorysetup-bucket-allocator-block-count=8"
    "memorysetup-main-allocator-block-size=16777216"
    "memorysetup-thread-allocator-block-size=16777216"
    "memorysetup-gfx-main-allocator-block-size=16777216"
    "memorysetup-gfx-thread-allocator-block-size=16777216"
    "memorysetup-cache-allocator-block-size=4194304"
    "memorysetup-typetree-allocator-block-size=2097152"
    "memorysetup-profiler-bucket-allocator-granularity=16"
    "memorysetup-profiler-bucket-allocator-bucket-count=8"
    "memorysetup-profiler-bucket-allocator-block-size=33554432"
    "memorysetup-profiler-bucket-allocator-block-count=8"
    "memorysetup-profiler-allocator-block-size=16777216"
    "memorysetup-profiler-editor-allocator-block-size=1048576"
    "memorysetup-temp-allocator-size-main=16777216"
    "memorysetup-job-temp-allocator-block-size=2097152"
    "memorysetup-job-temp-allocator-block-size-background=1048576"
    "memorysetup-job-temp-allocator-reduction-small-platforms=262144"
    "memorysetup-temp-allocator-size-background-worker=32768"
    "memorysetup-temp-allocator-size-job-worker=262144"
    "memorysetup-temp-allocator-size-preload-manager=33554432"
    "memorysetup-temp-allocator-size-nav-mesh-worker=65536"
    "memorysetup-temp-allocator-size-audio-worker=65536"
    "memorysetup-temp-allocator-size-cloud-worker=32768"
    "memorysetup-temp-allocator-size-gi-baking-worker=262144"
    "memorysetup-temp-allocator-size-gfx=262144"
Refreshing native plugins compatible for Editor in 45.82 ms, found 3 plugins.
Preloading 0 native plugins for Editor in 0.00 ms.
Initialize engine version: 2021.2.7f1 (6bd9e232123f)
[Subsystems] Discovering subsystems at path C:/Program Files/Unity/Hub/Editor/2021.2.7f1/Editor/Data/Resources/UnitySubsystems
[Subsystems] Discovering subsystems at path D:/githubrepos/CannonClimber/CannonClimber/Assets
GfxDevice: creating device client; threaded=0; jobified=0
Direct3D:
    Version:  Direct3D 11.0 [level 11.1]
    Renderer: NVIDIA GeForce GTX 1080 (ID=0x1b80)
    Vendor:   NVIDIA
    VRAM:     8079 MB
    Driver:   30.0.15.1123
Initialize mono
Mono path[0] = 'C:/Program Files/Unity/Hub/Editor/2021.2.7f1/Editor/Data/Managed'
Mono path[1] = 'C:/Program Files/Unity/Hub/Editor/2021.2.7f1/Editor/Data/MonoBleedingEdge/lib/mono/unityjit-win32'
Mono config path = 'C:/Program Files/Unity/Hub/Editor/2021.2.7f1/Editor/Data/MonoBleedingEdge/etc'
Using monoOptions --debugger-agent=transport=dt_socket,embedding=1,server=y,suspend=n,address=127.0.0.1:56724
Begin MonoManager ReloadAssembly
Registering precompiled unity dll's ...
Register platform support module: C:/Program Files/Unity/Hub/Editor/2021.2.7f1/Editor/Data/PlaybackEngines/WindowsStandaloneSupport/UnityEditor.WindowsStandalone.Extensions.dll
Registered in 0.006508 seconds.
Native extension for WindowsStandalone target not found
Refreshing native plugins compatible for Editor in 43.40 ms, found 3 plugins.
Preloading 0 native plugins for Editor in 0.00 ms.
Mono: successfully reloaded assembly
- Completed reload, in  0.520 seconds
Domain Reload Profiling:
	ReloadAssembly (521ms)
		BeginReloadAssembly (65ms)
			ExecutionOrderSort (0ms)
			DisableScriptedObjects (0ms)
			BackupInstance (0ms)
			ReleaseScriptingObjects (0ms)
			CreateAndSetChildDomain (1ms)
		EndReloadAssembly (383ms)
			LoadAssemblies (63ms)
			RebuildTransferFunctionScriptingTraits (0ms)
			SetupTypeCache (87ms)
			ReleaseScriptCaches (0ms)
			RebuildScriptCaches (29ms)
			SetupLoadedEditorAssemblies (222ms)
				LogAssemblyErrors (0ms)
				InitializePlatformSupportModulesInManaged (15ms)
				SetLoadedEditorAssemblies (0ms)
				RefreshPlugins (43ms)
				BeforeProcessingInitializeOnLoad (1ms)
				ProcessInitializeOnLoadAttributes (124ms)
				ProcessInitializeOnLoadMethodAttributes (39ms)
				AfterProcessingInitializeOnLoad (0ms)
				EditorAssembliesLoaded (0ms)
			ExecutionOrderSort2 (0ms)
			AwakeInstancesAfterBackupRestoration (0ms)
Platform modules already initialized, skipping
Registering precompiled user dll's ...
Registered in 0.003866 seconds.
Begin MonoManager ReloadAssembly
Native extension for WindowsStandalone target not found
Refreshing native plugins compatible for Editor in 42.92 ms, found 3 plugins.
Preloading 0 native plugins for Editor in 0.00 ms.
Mono: successfully reloaded assembly
- Completed reload, in  1.076 seconds
Domain Reload Profiling:
	ReloadAssembly (1077ms)
		BeginReloadAssembly (126ms)
			ExecutionOrderSort (0ms)
			DisableScriptedObjects (6ms)
			BackupInstance (0ms)
			ReleaseScriptingObjects (0ms)
			CreateAndSetChildDomain (20ms)
		EndReloadAssembly (859ms)
			LoadAssemblies (81ms)
			RebuildTransferFunctionScriptingTraits (0ms)
			SetupTypeCache (170ms)
			ReleaseScriptCaches (1ms)
			RebuildScriptCaches (41ms)
			SetupLoadedEditorAssemblies (541ms)
				LogAssemblyErrors (0ms)
				InitializePlatformSupportModulesInManaged (11ms)
				SetLoadedEditorAssemblies (0ms)
				RefreshPlugins (43ms)
				BeforeProcessingInitializeOnLoad (62ms)
				ProcessInitializeOnLoadAttributes (383ms)
				ProcessInitializeOnLoadMethodAttributes (34ms)
				AfterProcessingInitializeOnLoad (8ms)
				EditorAssembliesLoaded (0ms)
			ExecutionOrderSort2 (0ms)
			AwakeInstancesAfterBackupRestoration (5ms)
Platform modules already initialized, skipping
========================================================================
Worker process is ready to serve import requests
Launched and connected shader compiler UnityShaderCompiler.exe after 0.06 seconds
Refreshing native plugins compatible for Editor in 0.92 ms, found 3 plugins.
Preloading 0 native plugins for Editor in 0.00 ms.
Unloading 2425 Unused Serialized files (Serialized files now loaded: 0)
Unloading 46 unused Assets / (55.7 KB). Loaded Objects now: 2871.
Memory consumption went from 110.4 MB to 110.4 MB.
Total: 3.642300 ms (FindLiveObjects: 0.261500 ms CreateObjectMapping: 0.078200 ms MarkObjects: 3.207500 ms  DeleteObjects: 0.093900 ms)

AssetImportParameters requested are different than current active one (requested -> active):
  custom:video-decoder-ogg-theora: a1e56fd34408186e4bbccfd4996cb3dc -> 
  custom:container-muxer-webm: aa71ff27fc2769a1b78a27578f13a17b -> 
  custom:container-demuxer-webm: 4f35f7cbe854078d1ac9338744f61a02 -> 
  custom:video-encoder-webm-vp8: eb34c28f22e8b96e1ab97ce403110664 -> 
  custom:audio-encoder-webm-vorbis: bf7c407c2cedff20999df2af8eb42d56 -> 
  custom:framework-win-MediaFoundation: 216162199b28c13a410421893ffa2e32 -> 
  custom:container-demuxer-ogg: 62fdf1f143b41e24485cea50d1cbac27 -> 
  custom:video-decoder-webm-vp8: 9c59270c3fd7afecdb556c50c9e8de78 -> 
  custom:audio-decoder-ogg-vorbis: bf7c407c2cedff20999df2af8eb42d56 -> 
========================================================================
Received Import Request.
  Time since last request: 159134.154956 seconds.
  path: Assets/Resources/Sprites/UI/Big Text/1.png
  artifactKey: Guid(3e3176c4fd7005a4f8bd2ccc125d129a) Importer(815301076,1909f56bfc062723c751e8b465ee728b)
Start importing Assets/Resources/Sprites/UI/Big Text/1.png using Guid(3e3176c4fd7005a4f8bd2ccc125d129a) Importer(815301076,1909f56bfc062723c751e8b465ee728b)  -> (artifact id: 'ce6dbc35992e617d227c9d54ad82a91f') in 0.107848 seconds 
========================================================================
Received Import Request.
  Time since last request: 0.000023 seconds.
  path: Assets/Resources/Sprites/UI/Big Text/26.png
  artifactKey: Guid(0faf294b71aa6f34e86d717591825cf2) Importer(815301076,1909f56bfc062723c751e8b465ee728b)
Start importing Assets/Resources/Sprites/UI/Big Text/26.png using Guid(0faf294b71aa6f34e86d717591825cf2) Importer(815301076,1909f56bfc062723c751e8b465ee728b)  -> (artifact id: 'f594cb53c50117e63c558e8e27165d39') in 0.013272 seconds 
========================================================================
Received Import Request.
  Time since last request: 0.000023 seconds.
  path: Assets/Resources/Sprites/UI/Big Text/25.png
  artifactKey: Guid(b79e3e317f9e3a74eb4309bae43e1d23) Importer(815301076,1909f56bfc062723c751e8b465ee728b)
Start importing Assets/Resources/Sprites/UI/Big Text/25.png using Guid(b79e3e317f9e3a74eb4309bae43e1d23) Importer(815301076,1909f56bfc062723c751e8b465ee728b)  -> (artifact id: 'fd2156bc90b8cd639c9775bc119f0ed3') in 0.019479 seconds 
========================================================================
Received Import Request.
  Time since last request: 0.000022 seconds.
  path: Assets/Resources/Sprites/UI/Big Text/34.png
  artifactKey: Guid(cb97c1bc9a7808343bfa66679db1ab6f) Importer(815301076,1909f56bfc062723c751e8b465ee728b)
Start importing Assets/Resources/Sprites/UI/Big Text/34.png using Guid(cb97c1bc9a7808343bfa66679db1ab6f) Importer(815301076,1909f56bfc062723c751e8b465ee728b)  -> (artifact id: 'c6f4c2ddd7174915c400bb08e3c73970') in 0.013298 seconds 
========================================================================
Received Import Request.
  Time since last request: 0.000029 seconds.
  path: Assets/Resources/Sprites/UI/Big Text/29.png
  artifactKey: Guid(5d58dba2309bda548b0c0b1274bb2996) Importer(815301076,1909f56bfc062723c751e8b465ee728b)
Start importing Assets/Resources/Sprites/UI/Big Text/29.png using Guid(5d58dba2309bda548b0c0b1274bb2996) Importer(815301076,1909f56bfc062723c751e8b465ee728b)  -> (artifact id: 'dae2730a38953227c228eb0b28667835') in 0.010278 seconds 
========================================================================
Received Import Request.
  Time since last request: 0.000029 seconds.
  path: Assets/Resources/Sprites/UI/Big Text/7.png
  artifactKey: Guid(d098816b39b1edb46a584d6a99bb4414) Importer(815301076,1909f56bfc062723c751e8b465ee728b)
Start importing Assets/Resources/Sprites/UI/Big Text/7.png using Guid(d098816b39b1edb46a584d6a99bb4414) Importer(815301076,1909f56bfc062723c751e8b465ee728b)  -> (artifact id: '174a14d215f6f58b9afa9a13d7caa781') in 0.011303 seconds 
========================================================================
Received Import Request.
  Time since last request: 0.273324 seconds.
  path: Assets/Resources/Sprites/UI/Green Board/1.png
  artifactKey: Guid(73293064974a73a4bbf7cfdbd398a505) Importer(815301076,1909f56bfc062723c751e8b465ee728b)
Start importing Assets/Resources/Sprites/UI/Green Board/1.png using Guid(73293064974a73a4bbf7cfdbd398a505) Importer(815301076,1909f56bfc062723c751e8b465ee728b)  -> (artifact id: '1596f863b9344c26fc6b8aea92d91e69') in 0.012718 seconds 
========================================================================
Received Import Request.
  Time since last request: 0.000013 seconds.
  path: Assets/Resources/Sprites/UI/Green Board/9.png
  artifactKey: Guid(c9567e05883546b458c95e5f52544c52) Importer(815301076,1909f56bfc062723c751e8b465ee728b)
Start importing Assets/Resources/Sprites/UI/Green Board/9.png using Guid(c9567e05883546b458c95e5f52544c52) Importer(815301076,1909f56bfc062723c751e8b465ee728b)  -> (artifact id: 'f5f20238481efb6ab816e3c1ceb22226') in 0.012335 seconds 
========================================================================
Received Import Request.
  Time since last request: 0.000012 seconds.
  path: Assets/Resources/Sprites/UI/Green Board/Green Board (guide).png
  artifactKey: Guid(a172ab0e19b51624b85a33f0f7a4759e) Importer(815301076,1909f56bfc062723c751e8b465ee728b)
Start importing Assets/Resources/Sprites/UI/Green Board/Green Board (guide).png using Guid(a172ab0e19b51624b85a33f0f7a4759e) Importer(815301076,1909f56bfc062723c751e8b465ee728b)  -> (artifact id: 'ea761ccd6269e1798d7be698345b598a') in 0.031511 seconds 
========================================================================
Received Import Request.
  Time since last request: 0.000020 seconds.
  path: Assets/Resources/Sprites/UI/Green Board/14.png
  artifactKey: Guid(f0ca23f08da29844c9a2cdc1a9659a76) Importer(815301076,1909f56bfc062723c751e8b465ee728b)
Start importing Assets/Resources/Sprites/UI/Green Board/14.png using Guid(f0ca23f08da29844c9a2cdc1a9659a76) Importer(815301076,1909f56bfc062723c751e8b465ee728b)  -> (artifact id: 'fa8174ddd98c908563916bfb5803d663') in 0.010924 seconds 
========================================================================
Received Import Request.
  Time since last request: 2.404307 seconds.
  path: Assets/Resources/Sprites/UI/Green Button/1.png
  artifactKey: Guid(95289c704e9bd394abbcd9b6827fd6a7) Importer(815301076,1909f56bfc062723c751e8b465ee728b)
Start importing Assets/Resources/Sprites/UI/Green Button/1.png using Guid(95289c704e9bd394abbcd9b6827fd6a7) Importer(815301076,1909f56bfc062723c751e8b465ee728b)  -> (artifact id: '9a6985af1b24e54fe3cc594fb4d87bf8') in 0.015996 seconds 
========================================================================
Received Import Request.
  Time since last request: 0.000023 seconds.
  path: Assets/Resources/Sprites/UI/Green Button/12.png
  artifactKey: Guid(62926ab518e39ed4d8f2ba9a430e5e97) Importer(815301076,1909f56bfc062723c751e8b465ee728b)
Start importing Assets/Resources/Sprites/UI/Green Button/12.png using Guid(62926ab518e39ed4d8f2ba9a430e5e97) Importer(815301076,1909f56bfc062723c751e8b465ee728b)  -> (artifact id: '75fe60d79d3a60fc887785e924976759') in 0.012175 seconds 
========================================================================
Received Import Request.
  Time since last request: 0.000017 seconds.
  path: Assets/Resources/Sprites/UI/Green Button/16.png
  artifactKey: Guid(8b394167a3d89b9428f33b4d3643baae) Importer(815301076,1909f56bfc062723c751e8b465ee728b)
Start importing Assets/Resources/Sprites/UI/Green Button/16.png using Guid(8b394167a3d89b9428f33b4d3643baae) Importer(815301076,1909f56bfc062723c751e8b465ee728b)  -> (artifact id: 'c868ec528a5a740912ecc37276a7ad98') in 0.016076 seconds 
========================================================================
Received Import Request.
  Time since last request: 0.000023 seconds.
  path: Assets/Resources/Sprites/UI/Green Button/10.png
  artifactKey: Guid(96f2beb1db1351246bfe91f9e053238d) Importer(815301076,1909f56bfc062723c751e8b465ee728b)
Start importing Assets/Resources/Sprites/UI/Green Button/10.png using Guid(96f2beb1db1351246bfe91f9e053238d) Importer(815301076,1909f56bfc062723c751e8b465ee728b)  -> (artifact id: '020f601afa647b303c9a5f495ebc0eab') in 0.020317 seconds 
========================================================================
Received Import Request.
  Time since last request: 1.473303 seconds.
  path: Assets/Resources/Sprites/UI/Inventory/1.png
  artifactKey: Guid(f7aa39c2e7b16b446934a7f90089f604) Importer(815301076,1909f56bfc062723c751e8b465ee728b)
Start importing Assets/Resources/Sprites/UI/Inventory/1.png using Guid(f7aa39c2e7b16b446934a7f90089f604) Importer(815301076,1909f56bfc062723c751e8b465ee728b)  -> (artifact id: '48916268c8e3d1dde6ee98b711c9cc6c') in 0.017576 seconds 
========================================================================
Received Import Request.
  Time since last request: 0.000016 seconds.
  path: Assets/Resources/Sprites/UI/Inventory/8.png
  artifactKey: Guid(92dea9e811078274da78e1429ccb2513) Importer(815301076,1909f56bfc062723c751e8b465ee728b)
Start importing Assets/Resources/Sprites/UI/Inventory/8.png using Guid(92dea9e811078274da78e1429ccb2513) Importer(815301076,1909f56bfc062723c751e8b465ee728b)  -> (artifact id: '7f85e9eeac8df389973ea2cf0b66d45f') in 0.013652 seconds 
========================================================================
Received Import Request.
  Time since last request: 0.000022 seconds.
  path: Assets/Resources/Sprites/UI/Inventory/9.png
  artifactKey: Guid(8555c79f9b5089e4fa545bac25a46fdf) Importer(815301076,1909f56bfc062723c751e8b465ee728b)
Start importing Assets/Resources/Sprites/UI/Inventory/9.png using Guid(8555c79f9b5089e4fa545bac25a46fdf) Importer(815301076,1909f56bfc062723c751e8b465ee728b)  -> (artifact id: 'c44d61fb087b75072b2fc358dd59764d') in 0.014592 seconds 
========================================================================
Received Import Request.
  Time since last request: 0.000016 seconds.
  path: Assets/Resources/Sprites/UI/Inventory/10.png
  artifactKey: Guid(c7643f7444f377c49af19b811e96efb2) Importer(815301076,1909f56bfc062723c751e8b465ee728b)
Start importing Assets/Resources/Sprites/UI/Inventory/10.png using Guid(c7643f7444f377c49af19b811e96efb2) Importer(815301076,1909f56bfc062723c751e8b465ee728b)  -> (artifact id: '2c185530564a5ba1b8399d6c0fdd4cc2') in 0.013486 seconds 
========================================================================
Received Import Request.
  Time since last request: 0.000019 seconds.
  path: Assets/Resources/Sprites/UI/Inventory/5.png
  artifactKey: Guid(7288c159d1c15b8488cda03c0078e1db) Importer(815301076,1909f56bfc062723c751e8b465ee728b)
Start importing Assets/Resources/Sprites/UI/Inventory/5.png using Guid(7288c159d1c15b8488cda03c0078e1db) Importer(815301076,1909f56bfc062723c751e8b465ee728b)  -> (artifact id: '042eba0caa597d37c0ae0a739285d13c') in 0.010194 seconds 
========================================================================
Received Import Request.
  Time since last request: 3.820879 seconds.
  path: Assets/Resources/Sprites/UI/Orange Paper/1.png
  artifactKey: Guid(7651eb7feb78ec647acb042f1b9d234b) Importer(815301076,1909f56bfc062723c751e8b465ee728b)
Start importing Assets/Resources/Sprites/UI/Orange Paper/1.png using Guid(7651eb7feb78ec647acb042f1b9d234b) Importer(815301076,1909f56bfc062723c751e8b465ee728b)  -> (artifact id: '1f4ae1ecbae7465e9254fcd1297c2c6c') in 0.012972 seconds 
========================================================================
Received Import Request.
  Time since last request: 0.000017 seconds.
  path: Assets/Resources/Sprites/UI/Orange Paper/5.png
  artifactKey: Guid(4100859b51335584eb99343ba6db96d3) Importer(815301076,1909f56bfc062723c751e8b465ee728b)
Start importing Assets/Resources/Sprites/UI/Orange Paper/5.png using Guid(4100859b51335584eb99343ba6db96d3) Importer(815301076,1909f56bfc062723c751e8b465ee728b)  -> (artifact id: '8795698eff126a5c7d33d2c0ed9a6898') in 0.011747 seconds 
========================================================================
Received Import Request.
  Time since last request: 0.000017 seconds.
  path: Assets/Resources/Sprites/UI/Orange Paper/9.png
  artifactKey: Guid(8b64b5ccc43365f46b1e0242a6202174) Importer(815301076,1909f56bfc062723c751e8b465ee728b)
Start importing Assets/Resources/Sprites/UI/Orange Paper/9.png using Guid(8b64b5ccc43365f46b1e0242a6202174) Importer(815301076,1909f56bfc062723c751e8b465ee728b)  -> (artifact id: '5fe32baca751baf9ce9a78f37fa0994f') in 0.019185 seconds 
========================================================================
Received Import Request.
  Time since last request: 0.000018 seconds.
  path: Assets/Resources/Sprites/UI/Orange Paper/12.png
  artifactKey: Guid(8567aacf553d55949929abbdedc21a88) Importer(815301076,1909f56bfc062723c751e8b465ee728b)
Start importing Assets/Resources/Sprites/UI/Orange Paper/12.png using Guid(8567aacf553d55949929abbdedc21a88) Importer(815301076,1909f56bfc062723c751e8b465ee728b)  -> (artifact id: '433ee1bc3ae0ba8840b5f94537cf1993') in 0.021562 seconds 
========================================================================
Received Import Request.
  Time since last request: 0.000019 seconds.
  path: Assets/Resources/Sprites/UI/Orange Paper/16.png
  artifactKey: Guid(38614eb9659854a459f725b8467d811b) Importer(815301076,1909f56bfc062723c751e8b465ee728b)
Start importing Assets/Resources/Sprites/UI/Orange Paper/16.png using Guid(38614eb9659854a459f725b8467d811b) Importer(815301076,1909f56bfc062723c751e8b465ee728b)  -> (artifact id: '5031429681e023b17a8de52e4d17f358') in 0.021073 seconds 
========================================================================
Received Import Request.
  Time since last request: 1.327796 seconds.
  path: Assets/Resources/Sprites/UI/Mobile Buttons/Mobile Buttons Cooldown
  artifactKey: Guid(2a4343bb26b86d94ca3df6dd3f44cf4d) Importer(815301076,1909f56bfc062723c751e8b465ee728b)
Start importing Assets/Resources/Sprites/UI/Mobile Buttons/Mobile Buttons Cooldown using Guid(2a4343bb26b86d94ca3df6dd3f44cf4d) Importer(815301076,1909f56bfc062723c751e8b465ee728b)  -> (artifact id: '9bdeb0a93309edbd959905837aa728c5') in 0.004364 seconds 
========================================================================
Received Import Request.
  Time since last request: 0.054512 seconds.
  path: Assets/Resources/Sprites/UI/Mobile Buttons/Mobile Buttons Cooldown/1.png
  artifactKey: Guid(809b3348c769ba24d9047e088d7d736f) Importer(815301076,1909f56bfc062723c751e8b465ee728b)
Start importing Assets/Resources/Sprites/UI/Mobile Buttons/Mobile Buttons Cooldown/1.png using Guid(809b3348c769ba24d9047e088d7d736f) Importer(815301076,1909f56bfc062723c751e8b465ee728b)  -> (artifact id: '16b192f2f55f6f5f4f4387a0314f647e') in 0.011857 seconds 
========================================================================
Received Import Request.
  Time since last request: 0.000018 seconds.
  path: Assets/Resources/Sprites/UI/Mobile Buttons/Mobile Buttons Cooldown/5.png
  artifactKey: Guid(8bbcb037d8ae77148bf56955af7b23fc) Importer(815301076,1909f56bfc062723c751e8b465ee728b)
Start importing Assets/Resources/Sprites/UI/Mobile Buttons/Mobile Buttons Cooldown/5.png using Guid(8bbcb037d8ae77148bf56955af7b23fc) Importer(815301076,1909f56bfc062723c751e8b465ee728b)  -> (artifact id: '63ac0b51f0bc74968bbc2b35f9028a75') in 0.011774 seconds 
========================================================================
Received Import Request.
  Time since last request: 0.000023 seconds.
  path: Assets/Resources/Sprites/UI/Mobile Buttons/Mobile Buttons Cooldown/11.png
  artifactKey: Guid(ef10257840e5a084ca4e4d1dd4d42968) Importer(815301076,1909f56bfc062723c751e8b465ee728b)
Start importing Assets/Resources/Sprites/UI/Mobile Buttons/Mobile Buttons Cooldown/11.png using Guid(ef10257840e5a084ca4e4d1dd4d42968) Importer(815301076,1909f56bfc062723c751e8b465ee728b)  -> (artifact id: '3bbbda27f4669f38cb6ff0520f5117c6') in 0.013015 seconds 
========================================================================
Received Import Request.
  Time since last request: 1.617527 seconds.
  path: Assets/Resources/Sprites/UI/Mobile Buttons/Mobile Buttons/1.png
  artifactKey: Guid(f276fba73d5bd774faf468401359dd94) Importer(815301076,1909f56bfc062723c751e8b465ee728b)
Start importing Assets/Resources/Sprites/UI/Mobile Buttons/Mobile Buttons/1.png using Guid(f276fba73d5bd774faf468401359dd94) Importer(815301076,1909f56bfc062723c751e8b465ee728b)  -> (artifact id: '5c26c788a8f6ecb21ee6270a69763cdf') in 0.012183 seconds 
========================================================================
Received Import Request.
  Time since last request: 0.000018 seconds.
  path: Assets/Resources/Sprites/UI/Mobile Buttons/Mobile Buttons/8.png
  artifactKey: Guid(4e1e13a18298e9a4a94a3e1275aeab23) Importer(815301076,1909f56bfc062723c751e8b465ee728b)
Start importing Assets/Resources/Sprites/UI/Mobile Buttons/Mobile Buttons/8.png using Guid(4e1e13a18298e9a4a94a3e1275aeab23) Importer(815301076,1909f56bfc062723c751e8b465ee728b)  -> (artifact id: 'ba99579d7caa933567b6a5db021cbfb1') in 0.012382 seconds 
========================================================================
Received Import Request.
  Time since last request: 6.734228 seconds.
  path: Assets/Resources/Sprites/UI/Prefabs/1.png
  artifactKey: Guid(1d9c8d8b8c7afbb458146606ede6cc22) Importer(815301076,1909f56bfc062723c751e8b465ee728b)
Start importing Assets/Resources/Sprites/UI/Prefabs/1.png using Guid(1d9c8d8b8c7afbb458146606ede6cc22) Importer(815301076,1909f56bfc062723c751e8b465ee728b)  -> (artifact id: 'bff40a656f7ef3f23bfff0199ddf8d1a') in 0.012741 seconds 
========================================================================
Received Import Request.
  Time since last request: 0.000016 seconds.
  path: Assets/Resources/Sprites/UI/Prefabs/7.png
  artifactKey: Guid(35243d8266947e240b16386ec0a2f73c) Importer(815301076,1909f56bfc062723c751e8b465ee728b)
Start importing Assets/Resources/Sprites/UI/Prefabs/7.png using Guid(35243d8266947e240b16386ec0a2f73c) Importer(815301076,1909f56bfc062723c751e8b465ee728b)  -> (artifact id: '8f532f616bded65f31857a2676880fa4') in 0.012878 seconds 
========================================================================
Received Import Request.
  Time since last request: 0.000017 seconds.
  path: Assets/Resources/Sprites/UI/Prefabs/12.png
  artifactKey: Guid(e2cf1c273fb3ab7479cce1727f494ff9) Importer(815301076,1909f56bfc062723c751e8b465ee728b)
Start importing Assets/Resources/Sprites/UI/Prefabs/12.png using Guid(e2cf1c273fb3ab7479cce1727f494ff9) Importer(815301076,1909f56bfc062723c751e8b465ee728b)  -> (artifact id: '0be1c19b0c9282acbda9ab2dffffb927') in 0.014345 seconds 
========================================================================
Received Import Request.
  Time since last request: 5.502613 seconds.
  path: Assets/Resources/Sprites/UI/Sliders/1.png
  artifactKey: Guid(02687941209b41f49b546ed33beae25d) Importer(815301076,1909f56bfc062723c751e8b465ee728b)
Start importing Assets/Resources/Sprites/UI/Sliders/1.png using Guid(02687941209b41f49b546ed33beae25d) Importer(815301076,1909f56bfc062723c751e8b465ee728b)  -> (artifact id: '22492f793202dda6b639e5ec6124a2f0') in 0.014441 seconds 
========================================================================
Received Import Request.
  Time since last request: 0.000016 seconds.
  path: Assets/Resources/Sprites/UI/Sliders/6.png
  artifactKey: Guid(c6a7a6f4969818d4396bdda5cb2575a1) Importer(815301076,1909f56bfc062723c751e8b465ee728b)
Start importing Assets/Resources/Sprites/UI/Sliders/6.png using Guid(c6a7a6f4969818d4396bdda5cb2575a1) Importer(815301076,1909f56bfc062723c751e8b465ee728b)  -> (artifact id: '2af6ed70971cd5c26c42df9d632bc927') in 0.028530 seconds 
========================================================================
Received Import Request.
  Time since last request: 0.888925 seconds.
  path: Assets/Resources/Sprites/UI/Small Banner/1.png
  artifactKey: Guid(abe1461c5d960e94ebe43b1d045df1ca) Importer(815301076,1909f56bfc062723c751e8b465ee728b)
Start importing Assets/Resources/Sprites/UI/Small Banner/1.png using Guid(abe1461c5d960e94ebe43b1d045df1ca) Importer(815301076,1909f56bfc062723c751e8b465ee728b)  -> (artifact id: 'edc15b2eb35b8ddafbd2d223cc46ba39') in 0.014729 seconds 
========================================================================
Received Import Request.
  Time since last request: 0.000017 seconds.
  path: Assets/Resources/Sprites/UI/Small Banner/6.png
  artifactKey: Guid(a3974d450ae4b5a4a9a803011ffbebea) Importer(815301076,1909f56bfc062723c751e8b465ee728b)
Start importing Assets/Resources/Sprites/UI/Small Banner/6.png using Guid(a3974d450ae4b5a4a9a803011ffbebea) Importer(815301076,1909f56bfc062723c751e8b465ee728b)  -> (artifact id: 'c3937a2d0791bace22078edbe526bf1f') in 0.019385 seconds 
========================================================================
Received Import Request.
  Time since last request: 0.000025 seconds.
  path: Assets/Resources/Sprites/UI/Small Banner/5.png
  artifactKey: Guid(cca2d549e24b2914c92631d16622bc4a) Importer(815301076,1909f56bfc062723c751e8b465ee728b)
Start importing Assets/Resources/Sprites/UI/Small Banner/5.png using Guid(cca2d549e24b2914c92631d16622bc4a) Importer(815301076,1909f56bfc062723c751e8b465ee728b)  -> (artifact id: 'a9d5e57bd9d3ee8f476d26f812331f11') in 0.011523 seconds 
========================================================================
Received Import Request.
  Time since last request: 0.000019 seconds.
  path: Assets/Resources/Sprites/UI/Small Banner/Small Banner (guide).png
  artifactKey: Guid(cc463c8e6031a44438d6248b2b838f32) Importer(815301076,1909f56bfc062723c751e8b465ee728b)
Start importing Assets/Resources/Sprites/UI/Small Banner/Small Banner (guide).png using Guid(cc463c8e6031a44438d6248b2b838f32) Importer(815301076,1909f56bfc062723c751e8b465ee728b)  -> (artifact id: '854464a7fd842875e332a59ddb2ef672') in 0.013577 seconds 
========================================================================
Received Import Request.
  Time since last request: 2.831738 seconds.
  path: Assets/Resources/Sprites/UI/Yellow Board/1.png
  artifactKey: Guid(8b3de09f188bfdb44968a63bf4dece75) Importer(815301076,1909f56bfc062723c751e8b465ee728b)
Start importing Assets/Resources/Sprites/UI/Yellow Board/1.png using Guid(8b3de09f188bfdb44968a63bf4dece75) Importer(815301076,1909f56bfc062723c751e8b465ee728b)  -> (artifact id: '4d1a4433e0760dc5dbc8e2bf34598967') in 0.011910 seconds 
========================================================================
Received Import Request.
  Time since last request: 0.000014 seconds.
  path: Assets/Resources/Sprites/UI/Yellow Board/7.png
  artifactKey: Guid(0d2149f60a090764dae562e61f1f19b0) Importer(815301076,1909f56bfc062723c751e8b465ee728b)
Start importing Assets/Resources/Sprites/UI/Yellow Board/7.png using Guid(0d2149f60a090764dae562e61f1f19b0) Importer(815301076,1909f56bfc062723c751e8b465ee728b)  -> (artifact id: '24eadee2f4cb7ab6ec74e92affbb6c50') in 0.012452 seconds 
========================================================================
Received Import Request.
  Time since last request: 0.000027 seconds.
  path: Assets/Resources/Sprites/UI/Yellow Board/Yellow Board (guide).png
  artifactKey: Guid(e8b30a42c3bcc9147951895bd338c830) Importer(815301076,1909f56bfc062723c751e8b465ee728b)
Start importing Assets/Resources/Sprites/UI/Yellow Board/Yellow Board (guide).png using Guid(e8b30a42c3bcc9147951895bd338c830) Importer(815301076,1909f56bfc062723c751e8b465ee728b)  -> (artifact id: '65c2aa48e5c6bfae94966fdef17d4b19') in 0.016345 seconds 
========================================================================
Received Import Request.
  Time since last request: 0.000036 seconds.
  path: Assets/Resources/Sprites/UI/Yellow Board/11.png
  artifactKey: Guid(407f23bcd4db6de48ae3b45eda6b96a5) Importer(815301076,1909f56bfc062723c751e8b465ee728b)
Start importing Assets/Resources/Sprites/UI/Yellow Board/11.png using Guid(407f23bcd4db6de48ae3b45eda6b96a5) Importer(815301076,1909f56bfc062723c751e8b465ee728b)  -> (artifact id: 'a82701d8623b59a80f0725557e6ed361') in 0.011803 seconds 
========================================================================
Received Import Request.
  Time since last request: 3.754548 seconds.
  path: Assets/Resources/Sprites/UI/Yellow Button/1.png
  artifactKey: Guid(3f837f75f965e92488901aec738a2409) Importer(815301076,1909f56bfc062723c751e8b465ee728b)
Start importing Assets/Resources/Sprites/UI/Yellow Button/1.png using Guid(3f837f75f965e92488901aec738a2409) Importer(815301076,1909f56bfc062723c751e8b465ee728b)  -> (artifact id: 'c2b4608c06741983da54e8c05be56c4c') in 0.010524 seconds 
========================================================================
Received Import Request.
  Time since last request: 0.000020 seconds.
  path: Assets/Resources/Sprites/UI/Yellow Button/7.png
  artifactKey: Guid(aa0d403b1d235c14b8b09475dd70ca32) Importer(815301076,1909f56bfc062723c751e8b465ee728b)
Start importing Assets/Resources/Sprites/UI/Yellow Button/7.png using Guid(aa0d403b1d235c14b8b09475dd70ca32) Importer(815301076,1909f56bfc062723c751e8b465ee728b)  -> (artifact id: '700888d7292904965de85fcca7cd1da6') in 0.011801 seconds 
========================================================================
Received Import Request.
  Time since last request: 0.000026 seconds.
  path: Assets/Resources/Sprites/UI/Yellow Button/9.png
  artifactKey: Guid(50dd92ab56509e5438f5e4126460a082) Importer(815301076,1909f56bfc062723c751e8b465ee728b)
Start importing Assets/Resources/Sprites/UI/Yellow Button/9.png using Guid(50dd92ab56509e5438f5e4126460a082) Importer(815301076,1909f56bfc062723c751e8b465ee728b)  -> (artifact id: '743caa166bdcc97d6f7c3fcd5db8f856') in 0.014044 seconds 
========================================================================
Received Import Request.
  Time since last request: 0.000032 seconds.
  path: Assets/Resources/Sprites/UI/Yellow Button/6.png
  artifactKey: Guid(7e49c36b303adb94db0042820ae05136) Importer(815301076,1909f56bfc062723c751e8b465ee728b)
Start importing Assets/Resources/Sprites/UI/Yellow Button/6.png using Guid(7e49c36b303adb94db0042820ae05136) Importer(815301076,1909f56bfc062723c751e8b465ee728b)  -> (artifact id: '38917a8f11bd9c8669f47bc0128e00f9') in 0.011932 seconds 
========================================================================
Received Import Request.
  Time since last request: 0.777699 seconds.
  path: Assets/Resources/Sprites/UI/Yellow Paper/1.png
  artifactKey: Guid(ad6315ec2b84b8746b6ffa5cb47429c9) Importer(815301076,1909f56bfc062723c751e8b465ee728b)
Start importing Assets/Resources/Sprites/UI/Yellow Paper/1.png using Guid(ad6315ec2b84b8746b6ffa5cb47429c9) Importer(815301076,1909f56bfc062723c751e8b465ee728b)  -> (artifact id: '719296dd1bccd96da1683855ee713d61') in 0.011989 seconds 
========================================================================
Received Import Request.
  Time since last request: 0.000014 seconds.
  path: Assets/Resources/Sprites/UI/Yellow Paper/5.png
  artifactKey: Guid(65bd8a96ac718d04da4a384d49188523) Importer(815301076,1909f56bfc062723c751e8b465ee728b)
Start importing Assets/Resources/Sprites/UI/Yellow Paper/5.png using Guid(65bd8a96ac718d04da4a384d49188523) Importer(815301076,1909f56bfc062723c751e8b465ee728b)  -> (artifact id: '1bc62162dd6f0ebb53a8101c07f48d19') in 0.012814 seconds 
========================================================================
Received Import Request.
  Time since last request: 0.000022 seconds.
  path: Assets/Resources/Sprites/UI/Yellow Paper/9.png
  artifactKey: Guid(e688ee02521c66c4d90552240d05f938) Importer(815301076,1909f56bfc062723c751e8b465ee728b)
Start importing Assets/Resources/Sprites/UI/Yellow Paper/9.png using Guid(e688ee02521c66c4d90552240d05f938) Importer(815301076,1909f56bfc062723c751e8b465ee728b)  -> (artifact id: '32e441e887d2edb597bd5f788a46e34c') in 0.012022 seconds 
========================================================================
Received Import Request.
  Time since last request: 0.000030 seconds.
  path: Assets/Resources/Sprites/UI/Yellow Paper/13.png
  artifactKey: Guid(a312f62c4b9e699458cc26bf4657633e) Importer(815301076,1909f56bfc062723c751e8b465ee728b)
Start importing Assets/Resources/Sprites/UI/Yellow Paper/13.png using Guid(a312f62c4b9e699458cc26bf4657633e) Importer(815301076,1909f56bfc062723c751e8b465ee728b)  -> (artifact id: '5bdca5532d6b6417586f6233ac11fb0d') in 0.012965 seconds 
Editor requested this worker to shutdown with reason: Scaling down because of idle timeout
AssetImportWorker is now disconnected from the server
Process exiting
Exiting without the bug reporter. Application will terminate with return code 0